#
# There is insufficient memory for the Java Runtime Environment to continue.
# Native memory allocation (malloc) failed to allocate 89128960 bytes for committing reserved memory.
# Possible reasons:
#   The system is out of physical RAM or swap space
#   In 32 bit mode, the process size limit was hit
# Possible solutions:
#   Reduce memory load on the system
#   Increase physical memory or swap space
#   Check if swap backing store is full
#   Use 64 bit Java on a 64 bit OS
#   Decrease Java heap size (-Xmx/-Xms)
#   Decrease number of Java threads
#   Decrease Java thread stack sizes (-Xss)
#   Set larger code cache with -XX:ReservedCodeCacheSize=
# This output file may be truncated or incomplete.
#
#  Out of Memory Error (os_linux.cpp:2798), pid=6084, tid=139682146105088
#
# JRE version: OpenJDK Runtime Environment (7.0_75-b13) (build 1.7.0_75-b13)
# Java VM: OpenJDK 64-Bit Server VM (24.75-b04 mixed mode linux-amd64 compressed oops)
# Derivative: IcedTea 2.5.4
# Distribution: Ubuntu 14.04 LTS, package 7u75-2.5.4-1~trusty1
# Failed to write core dump. Core dumps have been disabled. To enable core dumping, try "ulimit -c unlimited" before starting Java again
#

---------------  T H R E A D  ---------------

Current thread (0x00007f0a44071000):  VMThread [stack: 0x00007f0a48a33000,0x00007f0a48b34000] [id=6090]

Stack: [0x00007f0a48a33000,0x00007f0a48b34000],  sp=0x00007f0a48b32490,  free space=1021k
Native frames: (J=compiled Java code, j=interpreted, Vv=VM code, C=native code)
V  [libjvm.so+0x94a9d5]  VMError::report_and_die()+0x175
V  [libjvm.so+0x48b954]  report_vm_out_of_memory(char const*, int, unsigned long, char const*)+0x74
V  [libjvm.so+0x7c7b7b]  os::pd_commit_memory(char*, unsigned long, unsigned long, bool)+0xeb
V  [libjvm.so+0x7c263f]  os::commit_memory(char*, unsigned long, unsigned long, bool)+0x1f
V  [libjvm.so+0x834b1b]  PSVirtualSpace::expand_by(unsigned long)+0x5b
V  [libjvm.so+0x835970]  PSYoungGen::resize_generation(unsigned long, unsigned long)+0xb0
V  [libjvm.so+0x83605b]  PSYoungGen::resize(unsigned long, unsigned long)+0x1b
V  [libjvm.so+0x832340]  PSScavenge::invoke_no_policy()+0xde0
V  [libjvm.so+0x832b18]  PSScavenge::invoke()+0x38
V  [libjvm.so+0x7e9203]  ParallelScavengeHeap::failed_mem_allocate(unsigned long)+0x63
V  [libjvm.so+0x94c3d4]  VM_ParallelGCFailedAllocation::doit()+0x84
V  [libjvm.so+0x9508d7]  VM_Operation::evaluate()+0x47
V  [libjvm.so+0x94f248]  VMThread::evaluate_operation(VM_Operation*)+0x318
V  [libjvm.so+0x94f6a9]  VMThread::loop()+0x219
V  [libjvm.so+0x94faf2]  VMThread::run()+0x72
V  [libjvm.so+0x7c4a42]  java_start(Thread*)+0xf2

VM_Operation (0x00007f0a1657add0): ParallelGCFailedAllocation, mode: safepoint, requested by thread 0x00007f0a0400a800


---------------  P R O C E S S  ---------------

Java Threads: ( => current thread )
  0x0000000002037800 JavaThread "File lock request listener" [_thread_in_native, id=6108, stack(0x00007f0a16214000,0x00007f0a16315000)]
  0x0000000001ece800 JavaThread "process reaper" daemon [_thread_blocked, id=6107, stack(0x00007f0a16b9f000,0x00007f0a16bd8000)]
  0x0000000001ca2800 JavaThread "Stdin handler" [_thread_blocked, id=6105, stack(0x00007f0a1637f000,0x00007f0a16480000)]
  0x00007f0a0400a800 JavaThread "Daemon worker" [_thread_blocked, id=6102, stack(0x00007f0a16480000,0x00007f0a16581000)]
  0x00007f0a04006800 JavaThread "Cancel handler" [_thread_blocked, id=6101, stack(0x00007f0a16581000,0x00007f0a16682000)]
  0x00007f0a04001800 JavaThread "Handler for socket connection from /0:0:0:0:0:0:0:1:56231 to /0:0:0:0:0:0:0:1:53548" [_thread_in_native, id=6100, stack(0x00007f0a16682000,0x00007f0a16783000)]
  0x00007f0a0c029800 JavaThread "Daemon" [_thread_blocked, id=6099, stack(0x00007f0a16783000,0x00007f0a16884000)]
  0x00007f0a449a9800 JavaThread "Incoming local TCP Connector on port 56231" [_thread_in_native, id=6098, stack(0x00007f0a16884000,0x00007f0a16985000)]
  0x00007f0a440ac800 JavaThread "Service Thread" daemon [_thread_blocked, id=6096, stack(0x00007f0a3c7cd000,0x00007f0a3c8ce000)]
  0x00007f0a440aa800 JavaThread "C2 CompilerThread1" daemon [_thread_in_native, id=6095, stack(0x00007f0a3c8ce000,0x00007f0a3c9cf000)]
  0x00007f0a440a7800 JavaThread "C2 CompilerThread0" daemon [_thread_in_native, id=6094, stack(0x00007f0a3c9cf000,0x00007f0a3cad0000)]
  0x00007f0a440a5800 JavaThread "Signal Dispatcher" daemon [_thread_blocked, id=6093, stack(0x00007f0a4804e000,0x00007f0a4814f000)]
  0x00007f0a44077800 JavaThread "Finalizer" daemon [_thread_blocked, id=6092, stack(0x00007f0a48831000,0x00007f0a48932000)]
  0x00007f0a44075800 JavaThread "Reference Handler" daemon [_thread_blocked, id=6091, stack(0x00007f0a48932000,0x00007f0a48a33000)]
  0x00007f0a4400a800 JavaThread "main" [_thread_blocked, id=6086, stack(0x00007f0a4d927000,0x00007f0a4da28000)]

Other Threads:
=>0x00007f0a44071000 VMThread [stack: 0x00007f0a48a33000,0x00007f0a48b34000] [id=6090]
  0x00007f0a440b7800 WatcherThread [stack: 0x00007f0a3c6cc000,0x00007f0a3c7cd000] [id=6097]

VM state:at safepoint (normal execution)

VM Mutex/Monitor currently owned by a thread:  ([mutex/lock_event])
[0x00007f0a44006870] Threads_lock - owner thread: 0x00007f0a44071000
[0x00007f0a44006d70] Heap_lock - owner thread: 0x00007f0a0400a800

Heap
 PSYoungGen      total 568832K, used 42586K [0x00000007d5500000, 0x00000007fab00000, 0x0000000800000000)
  eden space 525312K, 0% used [0x00000007d5500000,0x00000007d5500000,0x00000007f5600000)
  from space 43520K, 97% used [0x00000007f5600000,0x00000007f7f96bf0,0x00000007f8080000)
  to   space 43520K, 0% used [0x00000007f8080000,0x00000007f8080000,0x00000007fab00000)
 ParOldGen       total 699392K, used 8K [0x0000000780000000, 0x00000007aab00000, 0x00000007d5500000)
  object space 699392K, 0% used [0x0000000780000000,0x0000000780002000,0x00000007aab00000)
 PSPermGen       total 40448K, used 40384K [0x0000000775a00000, 0x0000000778180000, 0x0000000780000000)
  object space 40448K, 99% used [0x0000000775a00000,0x00000007781703a0,0x0000000778180000)

Card table byte_map: [0x00007f0a4a113000,0x00007f0a4a567000] byte_map_base: 0x00007f0a46566000

Polling page: 0x00007f0a4da45000

Code Cache  [0x00007f0a41000000, 0x00007f0a41370000, 0x00007f0a44000000)
 total_blobs=1219 nmethods=625 adapters=548 free_code_cache=45734Kb largest_free_block=46732480

Compilation events (10 events):
Event: 45.299 Thread 0x00007f0a440aa800 nmethod 665 0x00007f0a4124eb50 code [0x00007f0a4124eca0, 0x00007f0a4124ef18]
Event: 45.299 Thread 0x00007f0a440aa800  666             java.util.concurrent.atomic.AtomicReferenceArray::length (6 bytes)
Event: 45.299 Thread 0x00007f0a440aa800 nmethod 666 0x00007f0a4124e890 code [0x00007f0a4124e9c0, 0x00007f0a4124ea38]
Event: 45.299 Thread 0x00007f0a440aa800  667             java.util.regex.Pattern$CharProperty::<init> (5 bytes)
Event: 45.300 Thread 0x00007f0a440aa800 nmethod 667 0x00007f0a41236010 code [0x00007f0a41236140, 0x00007f0a412361b8]
Event: 45.300 Thread 0x00007f0a440aa800  668             java.util.regex.Pattern$CharProperty::<init> (5 bytes)
Event: 45.301 Thread 0x00007f0a440aa800 nmethod 668 0x00007f0a4124f0d0 code [0x00007f0a4124f200, 0x00007f0a4124f278]
Event: 45.301 Thread 0x00007f0a440aa800  669             java.beans.PropertyDescriptor::getReadMethod0 (22 bytes)
Event: 45.302 Thread 0x00007f0a440aa800 nmethod 669 0x00007f0a41275b90 code [0x00007f0a41275ce0, 0x00007f0a41275dd8]
Event: 45.303 Thread 0x00007f0a440aa800  670             com.sun.beans.TypeResolver::resolve (37 bytes)

GC Heap History (5 events):
Event: 10.813 GC heap before
{Heap before GC invocations=1 (full 0):
 PSYoungGen      total 306176K, used 262656K [0x00000007d5500000, 0x00000007eaa80000, 0x0000000800000000)
  eden space 262656K, 100% used [0x00000007d5500000,0x00000007e5580000,0x00000007e5580000)
  from space 43520K, 0% used [0x00000007e8000000,0x00000007e8000000,0x00000007eaa80000)
  to   space 43520K, 0% used [0x00000007e5580000,0x00000007e5580000,0x00000007e8000000)
 ParOldGen       total 699392K, used 0K [0x0000000780000000, 0x00000007aab00000, 0x00000007d5500000)
  object space 699392K, 0% used [0x0000000780000000,0x0000000780000000,0x00000007aab00000)
 PSPermGen       total 28672K, used 28384K [0x0000000775a00000, 0x0000000777600000, 0x0000000780000000)
  object space 28672K, 98% used [0x0000000775a00000,0x00000007775b8088,0x0000000777600000)
Event: 10.974 GC heap after
Heap after GC invocations=1 (full 0):
 PSYoungGen      total 306176K, used 28859K [0x00000007d5500000, 0x00000007fab00000, 0x0000000800000000)
  eden space 262656K, 0% used [0x00000007d5500000,0x00000007d5500000,0x00000007e5580000)
  from space 43520K, 66% used [0x00000007e5580000,0x00000007e71aef40,0x00000007e8000000)
  to   space 43520K, 0% used [0x00000007f8080000,0x00000007f8080000,0x00000007fab00000)
 ParOldGen       total 699392K, used 8K [0x0000000780000000, 0x00000007aab00000, 0x00000007d5500000)
  object space 699392K, 0% used [0x0000000780000000,0x0000000780002000,0x00000007aab00000)
 PSPermGen       total 28672K, used 28384K [0x0000000775a00000, 0x0000000777600000, 0x0000000780000000)
  object space 28672K, 98% used [0x0000000775a00000,0x00000007775b8088,0x0000000777600000)
}
Event: 25.734 GC heap before
{Heap before GC invocations=2 (full 0):
 PSYoungGen      total 306176K, used 291515K [0x00000007d5500000, 0x00000007fab00000, 0x0000000800000000)
  eden space 262656K, 100% used [0x00000007d5500000,0x00000007e5580000,0x00000007e5580000)
  from space 43520K, 66% used [0x00000007e5580000,0x00000007e71aef40,0x00000007e8000000)
  to   space 43520K, 0% used [0x00000007f8080000,0x00000007f8080000,0x00000007fab00000)
 ParOldGen       total 699392K, used 8K [0x0000000780000000, 0x00000007aab00000, 0x00000007d5500000)
  object space 699392K, 0% used [0x0000000780000000,0x0000000780002000,0x00000007aab00000)
 PSPermGen       total 32768K, used 32518K [0x0000000775a00000, 0x0000000777a00000, 0x0000000780000000)
  object space 32768K, 99% used [0x0000000775a00000,0x00000007779c1a30,0x0000000777a00000)
Event: 25.944 GC heap after
Heap after GC invocations=2 (full 0):
 PSYoungGen      total 568832K, used 23425K [0x00000007d5500000, 0x00000007fab00000, 0x0000000800000000)
  eden space 525312K, 0% used [0x00000007d5500000,0x00000007d5500000,0x00000007f5600000)
  from space 43520K, 53% used [0x00000007f8080000,0x00000007f9760780,0x00000007fab00000)
  to   space 43520K, 0% used [0x00000007f5600000,0x00000007f5600000,0x00000007f8080000)
 ParOldGen       total 699392K, used 8K [0x0000000780000000, 0x00000007aab00000, 0x00000007d5500000)
  object space 699392K, 0% used [0x0000000780000000,0x0000000780002000,0x00000007aab00000)
 PSPermGen       total 32768K, used 32518K [0x0000000775a00000, 0x0000000777a00000, 0x0000000780000000)
  object space 32768K, 99% used [0x0000000775a00000,0x00000007779c1a30,0x0000000777a00000)
}
Event: 52.144 GC heap before
{Heap before GC invocations=3 (full 0):
 PSYoungGen      total 568832K, used 548737K [0x00000007d5500000, 0x00000007fab00000, 0x0000000800000000)
  eden space 525312K, 100% used [0x00000007d5500000,0x00000007f5600000,0x00000007f5600000)
  from space 43520K, 53% used [0x00000007f8080000,0x00000007f9760780,0x00000007fab00000)
  to   space 43520K, 0% used [0x00000007f5600000,0x00000007f5600000,0x00000007f8080000)
 ParOldGen       total 699392K, used 8K [0x0000000780000000, 0x00000007aab00000, 0x00000007d5500000)
  object space 699392K, 0% used [0x0000000780000000,0x0000000780002000,0x00000007aab00000)
 PSPermGen       total 40448K, used 40384K [0x0000000775a00000, 0x0000000778180000, 0x0000000780000000)
  object space 40448K, 99% used [0x0000000775a00000,0x00000007781703a0,0x0000000778180000)

Deoptimization events (10 events):
Event: 39.235 Thread 0x00007f0a0400a800 Uncommon trap: reason=null_check action=make_not_entrant pc=0x00007f0a41316ffc method=com.sun.beans.WeakCache.get(Ljava/lang/Object;)Ljava/lang/Object; @ 10
Event: 39.473 Thread 0x00007f0a0400a800 Uncommon trap: reason=class_check action=maybe_recompile pc=0x00007f0a41307654 method=java.util.ComparableTimSort.binarySort([Ljava/lang/Object;III)V @ 40
Event: 39.473 Thread 0x00007f0a0400a800 Uncommon trap: reason=class_check action=maybe_recompile pc=0x00007f0a41307654 method=java.util.ComparableTimSort.binarySort([Ljava/lang/Object;III)V @ 40
Event: 40.132 Thread 0x00007f0a0400a800 Uncommon trap: reason=unreached action=reinterpret pc=0x00007f0a412cd434 method=com.sun.org.apache.xerces.internal.util.URI.initializePath(Ljava/lang/String;I)V @ 39
Event: 40.501 Thread 0x00007f0a0400a800 Uncommon trap: reason=class_check action=maybe_recompile pc=0x00007f0a41307654 method=java.util.ComparableTimSort.binarySort([Ljava/lang/Object;III)V @ 40
Event: 40.501 Thread 0x00007f0a0400a800 Uncommon trap: reason=class_check action=maybe_recompile pc=0x00007f0a41307654 method=java.util.ComparableTimSort.binarySort([Ljava/lang/Object;III)V @ 40
Event: 41.101 Thread 0x00007f0a0400a800 Uncommon trap: reason=unreached action=reinterpret pc=0x00007f0a412f9960 method=groovyjarjarasm.asm.Type.a(Ljava/lang/StringBuffer;Ljava/lang/Class;)V @ 39
Event: 44.426 Thread 0x00007f0a0400a800 Uncommon trap: reason=bimorphic action=maybe_recompile pc=0x00007f0a411fe0d0 method=java.util.regex.Pattern$Branch.match(Ljava/util/regex/Matcher;ILjava/lang/CharSequence;)Z @ 32
Event: 46.265 Thread 0x00007f0a0400a800 Uncommon trap: reason=bimorphic action=maybe_recompile pc=0x00007f0a411fe0d0 method=java.util.regex.Pattern$Branch.match(Ljava/util/regex/Matcher;ILjava/lang/CharSequence;)Z @ 32
Event: 50.573 Thread 0x00007f0a0400a800 Uncommon trap: reason=unreached action=reinterpret pc=0x00007f0a411f3f94 method=java.util.regex.Pattern.expr(Ljava/util/regex/Pattern$Node;)Ljava/util/regex/Pattern$Node; @ 21

Internal exceptions (10 events):
Event: 52.005 Thread 0x00007f0a0400a800 Threw 0x00000007f5579818 at /build/buildd/openjdk-7-7u75-2.5.4/build/openjdk/hotspot/src/share/vm/prims/jvm.cpp:1284
Event: 52.005 Thread 0x00007f0a0400a800 Threw 0x00000007f557fe70 at /build/buildd/openjdk-7-7u75-2.5.4/build/openjdk/hotspot/src/share/vm/prims/jvm.cpp:1284
Event: 52.006 Thread 0x00007f0a0400a800 Threw 0x00000007f5588350 at /build/buildd/openjdk-7-7u75-2.5.4/build/openjdk/hotspot/src/share/vm/prims/jvm.cpp:1284
Event: 52.006 Thread 0x00007f0a0400a800 Threw 0x00000007f5588f30 at /build/buildd/openjdk-7-7u75-2.5.4/build/openjdk/hotspot/src/share/vm/prims/jvm.cpp:1284
Event: 52.006 Thread 0x00007f0a0400a800 Threw 0x00000007f558d650 at /build/buildd/openjdk-7-7u75-2.5.4/build/openjdk/hotspot/src/share/vm/prims/jvm.cpp:1284
Event: 52.007 Thread 0x00007f0a0400a800 Threw 0x00000007f558daf0 at /build/buildd/openjdk-7-7u75-2.5.4/build/openjdk/hotspot/src/share/vm/classfile/systemDictionary.cpp:185
Event: 52.007 Thread 0x00007f0a0400a800 Threw 0x00000007f558f428 at /build/buildd/openjdk-7-7u75-2.5.4/build/openjdk/hotspot/src/share/vm/prims/jvm.cpp:1284
Event: 52.007 Thread 0x00007f0a0400a800 Threw 0x00000007f5590030 at /build/buildd/openjdk-7-7u75-2.5.4/build/openjdk/hotspot/src/share/vm/prims/jvm.cpp:1284
Event: 52.007 Thread 0x00007f0a0400a800 Threw 0x00000007f5594a68 at /build/buildd/openjdk-7-7u75-2.5.4/build/openjdk/hotspot/src/share/vm/prims/jvm.cpp:1284
Event: 52.007 Thread 0x00007f0a0400a800 Threw 0x00000007f5594f08 at /build/buildd/openjdk-7-7u75-2.5.4/build/openjdk/hotspot/src/share/vm/classfile/systemDictionary.cpp:185

Events (10 events):
Event: 52.006 loading class 0x0000000002b45740 done
Event: 52.007 loading class 0x0000000002b45740
Event: 52.007 loading class 0x0000000002b45740 done
Event: 52.007 loading class 0x0000000002b45780
Event: 52.007 loading class 0x0000000002b45780 done
Event: 52.007 loading class 0x0000000002b45780
Event: 52.007 loading class 0x0000000002b45780 done
Event: 52.044 loading class 0x0000000001f48e10
Event: 52.044 loading class 0x0000000001f48e10 done
Event: 52.144 Executing VM operation: ParallelGCFailedAllocation


Dynamic libraries:
00400000-00401000 r-xp 00000000 08:06 676631                             /usr/lib/jvm/java-7-openjdk-amd64/jre/bin/java
00600000-00601000 r--p 00000000 08:06 676631                             /usr/lib/jvm/java-7-openjdk-amd64/jre/bin/java
00601000-00602000 rw-p 00001000 08:06 676631                             /usr/lib/jvm/java-7-openjdk-amd64/jre/bin/java
01c8e000-02bf7000 rw-p 00000000 00:00 0                                  [heap]
775a00000-778180000 rw-p 00000000 00:00 0 
778180000-780000000 rw-p 00000000 00:00 0 
780000000-7aab00000 rw-p 00000000 00:00 0 
7aab00000-7d5500000 rw-p 00000000 00:00 0 
7d5500000-7fab00000 rw-p 00000000 00:00 0 
7f09fc000000-7f09fc021000 rw-p 00000000 00:00 0 
7f09fc021000-7f0a00000000 ---p 00000000 00:00 0 
7f0a04000000-7f0a04021000 rw-p 00000000 00:00 0 
7f0a04021000-7f0a08000000 ---p 00000000 00:00 0 
7f0a08000000-7f0a08021000 rw-p 00000000 00:00 0 
7f0a08021000-7f0a0c000000 ---p 00000000 00:00 0 
7f0a0c000000-7f0a0c02e000 rw-p 00000000 00:00 0 
7f0a0c02e000-7f0a10000000 ---p 00000000 00:00 0 
7f0a10000000-7f0a10021000 rw-p 00000000 00:00 0 
7f0a10021000-7f0a14000000 ---p 00000000 00:00 0 
7f0a15eea000-7f0a15eeb000 rw-p 00000000 00:00 0 
7f0a15eeb000-7f0a15ef1000 r--s 00033000 08:06 1443269                    /home/rohan/.gradle/caches/modules-2/files-2.1/commons-codec/commons-codec/1.6/b7f0fc8f61ecadeb3695f0b9464755eee44374d4/commons-codec-1.6.jar
7f0a15ef1000-7f0a15f00000 r--s 000f4000 08:06 1443267                    /home/rohan/.gradle/caches/modules-2/files-2.1/com.android.tools.external.lombok/lombok-ast/0.2.1/27891a8ce600fd3e70b66e3501ce43a8996268a8/lombok-ast-0.2.1.jar
7f0a15f00000-7f0a15f02000 r--s 00002000 08:06 1443265                    /home/rohan/.gradle/caches/modules-2/files-2.1/org.apache.ant/ant-launcher/1.8.2/6a5466384e7e2086b13d3d281dadaa059b0d0923/ant-launcher-1.8.2.jar
7f0a15f02000-7f0a15f06000 r--s 00020000 08:06 1443262                    /home/rohan/.gradle/caches/modules-2/files-2.1/org.apache.commons/commons-compress/1.0/995ae384a0b1e2c66269e6bc5198db8561fb45a2/commons-compress-1.0.jar
7f0a15f06000-7f0a15f07000 r--s 00003000 08:06 1443261                    /home/rohan/.gradle/caches/modules-2/files-2.1/com.android.tools/dvlib/22.4.2/3b11b54e01d78e0bfb1cee170f494f3ad72cfa32/dvlib-22.4.2.jar
7f0a15f07000-7f0a15f0a000 r--s 0000f000 08:06 1443260                    /home/rohan/.gradle/caches/modules-2/files-2.1/com.android.tools.layoutlib/layoutlib-api/22.4.2/de6ad39b999606da0aeb29ba6f78439f6ea07054/layoutlib-api-22.4.2.jar
7f0a15f0a000-7f0a15f0d000 r--s 00022000 08:06 1443257                    /home/rohan/.gradle/caches/modules-2/files-2.1/com.android.tools.lint/lint-api/22.4.2/6fcf65b585b9f8b85315353919fc51d7b79b3fbf/lint-api-22.4.2.jar
7f0a15f0d000-7f0a15f13000 r--s 00031000 08:06 1443256                    /home/rohan/.gradle/caches/modules-2/files-2.1/org.apache.httpcomponents/httpcore/4.2/9e431c80f58ec65460fcbdaaad802af668bb3fda/httpcore-4.2.jar
7f0a15f13000-7f0a15f16000 r--s 00019000 08:06 1443255                    /home/rohan/.gradle/caches/modules-2/files-2.1/com.googlecode.jarjar/jarjar/1.1/88085e95e0c9cf49e29116bd467a5dccd07d40a0/jarjar-1.1.jar
7f0a15f16000-7f0a15f19000 r--s 00006000 08:06 1443254                    /home/rohan/.gradle/caches/modules-2/files-2.1/com.google.code.findbugs/jsr305/1.3.9/40719ea6961c0cb6afaeb6a921eaa1f6afd4cfdf/jsr305-1.3.9.jar
7f0a15f19000-7f0a15f37000 r--s 001bb000 08:06 1443253                    /home/rohan/.gradle/caches/modules-2/files-2.1/org.apache.ant/ant/1.8.2/fc33bf7cd8c5309dd7b81228e8626515ee42efd9/ant-1.8.2.jar
7f0a15f37000-7f0a15f39000 r--s 0000a000 08:06 1443252                    /home/rohan/.gradle/caches/modules-2/files-2.1/org.json/json/20090211/c183aa3a2a6250293808bba12262c8920ce5a51c/json-20090211.jar
7f0a15f39000-7f0a15f3f000 r--s 00068000 08:06 1443251                    /home/rohan/.gradle/caches/modules-2/files-2.1/com.google.protobuf/protobuf-java/2.4.1/c589509ec6fd86d5d2fda37e07c08538235d3b9/protobuf-java-2.4.1.jar
7f0a15f3f000-7f0a15f68000 r--s 001ee000 08:06 1443250                    /home/rohan/.gradle/caches/modules-2/files-2.1/com.google.guava/guava/14.0/67b7be4ee7ba48e4828a42d6d5069761186d4a53/guava-14.0.jar
7f0a15f68000-7f0a15f6a000 r--s 0000c000 08:06 1443249                    /home/rohan/.gradle/caches/modules-2/files-2.1/args4j/args4j/2.0.16/9f00fb12820743b9e05c686eba543d64dd43f2b1/args4j-2.0.16.jar
7f0a15f6a000-7f0a15f79000 r--s 000bd000 08:06 1443248                    /home/rohan/.gradle/caches/modules-2/files-2.1/net.sf.proguard/proguard-base/4.10/46e891272ae0338af3f5de5e14d8d2641edefc2c/proguard-base-4.10.jar
7f0a15f79000-7f0a15f7b000 r--s 00010000 08:06 1443246                    /home/rohan/.gradle/caches/modules-2/files-2.1/com.android.tools/common/22.4.2/4dc3f9c634f2d29a47490311951b0e9c30a93dd6/common-22.4.2.jar
7f0a15f7b000-7f0a15f7f000 r--s 0003d000 08:06 1443245                    /home/rohan/.gradle/caches/modules-2/files-2.1/com.android.tools.ddms/ddmlib/22.4.2/37a4de77f288666ef6cbd82451ff391e52eae073/ddmlib-22.4.2.jar
7f0a15f7f000-7f0a15f88000 r--s 00091000 08:06 1443244                    /home/rohan/.gradle/caches/modules-2/files-2.1/com.android.tools/sdklib/22.4.2/1e378401aa7c4f4a515c2bf53ffa8db75bac5712/sdklib-22.4.2.jar
7f0a15f88000-7f0a15f89000 r--s 00000000 08:06 1443243                    /home/rohan/.gradle/caches/modules-2/files-2.1/com.android.tools.build/builder-test-api/0.7.3/67a7e909b4a9ee4af4a3b8e490044597b20f070b/builder-test-api-0.7.3.jar
7f0a15f89000-7f0a15f8d000 r--s 0003f000 08:06 1443242                    /home/rohan/.gradle/caches/modules-2/files-2.1/com.android.tools/sdk-common/22.4.2/66b2e10c4d3f575ef18c19b969c49e606981e4af/sdk-common-22.4.2.jar
7f0a15f8d000-7f0a15f8e000 r--s 00002000 08:06 1443241                    /home/rohan/.gradle/caches/modules-2/files-2.1/com.squareup/javawriter/2.2.1/d6dac1da0b24ab9ea9a6b5d49c2586d85f17e597/javawriter-2.2.1.jar
7f0a15f8e000-7f0a15f8f000 r--s 00002000 08:06 1443240                    /home/rohan/.gradle/caches/modules-2/files-2.1/com.android.tools.build/builder-model/0.7.3/ca49066448b10fd8c9a902dd9678783e5818c6a2/builder-model-0.7.3.jar
7f0a15f8f000-7f0a15f90000 r--s 00009000 08:06 1443239                    /home/rohan/.gradle/caches/modules-2/files-2.1/com.android.tools.build/manifest-merger/22.4.2/89a259ec5d4f78d3c26342ab886aa5c8eb9bf1b4/manifest-merger-22.4.2.jar
7f0a15f90000-7f0a15f94000 r--s 0006f000 08:06 1443238                    /home/rohan/.gradle/caches/modules-2/files-2.1/com.android.tools.lint/lint-checks/22.4.2/e5498775552b90a043553ffca015ffa70aa579bd/lint-checks-22.4.2.jar
7f0a15f94000-7f0a15fa4000 r--s 00088000 08:06 1442610                    /home/rohan/.gradle/caches/modules-2/files-2.1/joda-time/joda-time/2.8/9f2785d7184b97d005a44241ccaf980f43b9ccdb/joda-time-2.8.jar
7f0a15fa4000-7f0a15fa6000 r--s 00007000 08:06 1443236                    /home/rohan/.gradle/caches/modules-2/files-2.1/com.fasterxml.jackson.core/jackson-annotations/2.1.1/b01cc83e745fc4425a3968fafbf8e5b8254a6dd/jackson-annotations-2.1.1.jar
7f0a15fa6000-7f0a15fb7000 r--s 000d1000 08:06 1443235                    /home/rohan/.gradle/caches/modules-2/files-2.1/com.fasterxml.jackson.core/jackson-databind/2.1.1/38d2b3c0c89af5b937fd98c3e558bf6b58c14aa2/jackson-databind-2.1.1.jar
7f0a15fb7000-7f0a15fbb000 r--s 0002f000 08:06 1443234                    /home/rohan/.gradle/caches/modules-2/files-2.1/com.fasterxml.jackson.core/jackson-core/2.1.1/82ad1c5f92f6dcc6291f5c46ebacb975eaa844de/jackson-core-2.1.1.jar
7f0a15fbb000-7f0a15fc4000 r--s 0005f000 08:06 1443233                    /home/rohan/.gradle/caches/modules-2/files-2.1/org.apache.httpcomponents/httpclient/4.2/894b77b74ac06206075bccc22868ef83d69e383b/httpclient-4.2.jar
7f0a15fc4000-7f0a15ff5000 r--s 0031f000 08:06 1443231                    /home/rohan/.gradle/caches/modules-2/files-2.1/com.google.javascript/closure-compiler/v20130227/98ca58439e0ac288d59f4bf3bb2c0e77c99be397/closure-compiler-v20130227.jar
7f0a15ff5000-7f0a15ff6000 r--s 00002000 08:06 1443230                    /home/rohan/.gradle/caches/modules-2/files-2.1/net.sf.proguard/proguard-gradle/4.10/edad1b6af1c08c54a58fb39da9fa48e03bc6678d/proguard-gradle-4.10.jar
7f0a15ff6000-7f0a15ff9000 r--s 0001e000 08:06 1443229                    /home/rohan/.gradle/caches/modules-2/files-2.1/com.android.tools.build/builder/0.7.3/ecf08ce414c11f79a370ad7b391d709c2248ed11/builder-0.7.3.jar
7f0a15ff9000-7f0a15ffb000 r--s 00011000 08:06 1443228                    /home/rohan/.gradle/caches/modules-2/files-2.1/com.android.tools.lint/lint/22.4.2/20c55ee46b58603782cca43d6d144589d6f6c5f3/lint-22.4.2.jar
7f0a15ffb000-7f0a16002000 r--s 00067000 08:06 1443227                    /home/rohan/.gradle/caches/modules-2/files-2.1/javax.mail/mail/1.4.1/8b7bc69010655425dabf091b51d1e90b4de36715/mail-1.4.1.jar
7f0a16002000-7f0a16004000 r--s 0000e000 08:06 1443226                    /home/rohan/.gradle/caches/modules-2/files-2.1/javax.activation/activation/1.1/e6cb541461c2834bdea3eb920f1884d1eb508b50/activation-1.1.jar
7f0a16004000-7f0a1610c000 r--s 00a5a000 08:06 1443225                    /home/rohan/.gradle/caches/modules-2/files-2.1/com.amazonaws/aws-java-sdk/1.7.3/9b98a381819bd487d7bd62a025eb7def28468391/aws-java-sdk-1.7.3.jar
7f0a1610c000-7f0a1610f000 r--s 000bb000 08:06 1443224                    /home/rohan/.gradle/caches/modules-2/files-2.1/com.eriwen/gradle-js-plugin/1.9.0/4931a8936dcc05d302fe8c11bba512ec8ef6c84/gradle-js-plugin-1.9.0.jar
7f0a1610f000-7f0a16119000 r--s 000c3000 08:06 1443220                    /home/rohan/.gradle/caches/modules-2/files-2.1/com.android.tools.build/gradle/0.7.3/ff09fdc8c994c50a9c950378035c5f820edad6be/gradle-0.7.3.jar
7f0a16119000-7f0a1611c000 r--s 00017000 08:06 409580                     /usr/lib/jvm/java-7-openjdk-amd64/jre/lib/jce.jar
7f0a1611c000-7f0a1611e000 r--s 00004000 08:06 1443268                    /home/rohan/.gradle/caches/modules-2/files-2.1/org.ow2.asm/asm-tree/4.0/67bd266cd17adcee486b76952ece4cc85fe248b8/asm-tree-4.0.jar
7f0a1611e000-7f0a16127000 r--s 000a7000 08:06 1442773                    /home/rohan/.gradle/caches/modules-2/files-2.1/com.android.tools.external.lombok/lombok-ast/0.2.2/57e560b535ceaa14fb6f15422d74594acd6c5b64/lombok-ast-0.2.2.jar
7f0a16127000-7f0a16129000 r--s 0000a000 08:06 1443266                    /home/rohan/.gradle/caches/modules-2/files-2.1/org.ow2.asm/asm/4.0/659add6efc75a4715d738e73f07505246edf4d66/asm-4.0.jar
7f0a16129000-7f0a1612b000 r--s 0000d000 08:06 1443280                    /home/rohan/.gradle/caches/modules-2/files-2.1/commons-codec/commons-codec/1.4/4216af16d38465bbab0f3dff8efa14204f7a399a/commons-codec-1.4.jar
7f0a1612b000-7f0a1612d000 r--s 0000d000 08:06 1443232                    /home/rohan/.gradle/caches/modules-2/files-2.1/commons-logging/commons-logging/1.1.1/5043bfebc3db072ed80fbd362e7caf00e885d8ae/commons-logging-1.1.1.jar
7f0a1612d000-7f0a16132000 r--s 00028000 08:06 1443279                    /home/rohan/.gradle/caches/modules-2/files-2.1/org.apache.httpcomponents/httpcore/4.1/33fc26c02f8043ab0ede19eadc8c9885386b255c/httpcore-4.1.jar
7f0a16132000-7f0a16133000 r--s 00004000 08:06 1443258                    /home/rohan/.gradle/caches/modules-2/files-2.1/org.ow2.asm/asm-analysis/4.0/1c45d52b6f6c638db13cf3ac12adeb56b254cdd7/asm-analysis-4.0.jar
7f0a16133000-7f0a16136000 r--s 00029000 08:06 1442772                    /home/rohan/.gradle/caches/modules-2/files-2.1/com.android.tools.lint/lint-api/24.0.0/f7b3b232bc6a2a48a48dd3aedb80113c82d6acba/lint-api-24.0.0.jar
7f0a16136000-7f0a1613d000 r--s 00053000 08:06 1442771                    /home/rohan/.gradle/caches/modules-2/files-2.1/org.apache.commons/commons-compress/1.8.1/a698750c16740fd5b3871425f4cb3bbaa87f529d/commons-compress-1.8.1.jar
7f0a1613d000-7f0a1613e000 r--s 00005000 08:06 1442770                    /home/rohan/.gradle/caches/modules-2/files-2.1/com.android.tools/dvlib/24.0.0/ae24752eb30a9154f5a3d822b64d28d709b9c30b/dvlib-24.0.0.jar
7f0a1613e000-7f0a16140000 r--s 00005000 08:06 1443259                    /home/rohan/.gradle/caches/modules-2/files-2.1/org.apache.httpcomponents/httpmime/4.1/9ba2dcdf94ce35c8a8e9bff242db0618ca932e92/httpmime-4.1.jar
7f0a16140000-7f0a16148000 r--s 0004e000 08:06 1443277                    /home/rohan/.gradle/caches/modules-2/files-2.1/org.apache.httpcomponents/httpclient/4.1.1/3d1d918f32709e33ba7ddb2c4e8d1c543ebe713e/httpclient-4.1.1.jar
7f0a16148000-7f0a1614b000 r--s 00011000 08:06 1442769                    /home/rohan/.gradle/caches/modules-2/files-2.1/com.android.tools.layoutlib/layoutlib-api/24.0.0/a43d5bf045da108875a860767c453078b0d77795/layoutlib-api-24.0.0.jar
7f0a1614b000-7f0a1614c000 r--s 0000a000 08:06 1443263                    /home/rohan/.gradle/caches/modules-2/files-2.1/net.sf.kxml/kxml2/2.3.0/ccbc77a5fd907ef863c29f3596c6f54ffa4e9442/kxml2-2.3.0.jar
7f0a1614c000-7f0a16177000 r--s 001f9000 08:06 1442768                    /home/rohan/.gradle/caches/modules-2/files-2.1/com.google.guava/guava/17.0/9c6ef172e8de35fd8d4d8783e4821e57cdef7445/guava-17.0.jar
7f0a16177000-7f0a16187000 r--s 000d3000 08:06 1442767                    /home/rohan/.gradle/caches/modules-2/files-2.1/net.sf.proguard/proguard-base/5.1/dc606dd778fe4685be16d5a171782ccfe0ef5637/proguard-base-5.1.jar
7f0a16187000-7f0a16196000 r--s 001a9000 08:06 1442766                    /home/rohan/.gradle/caches/modules-2/files-2.1/org.eclipse.jdt.core.compiler/ecj/4.2.2/d9fd79499c664bccaf24dbe04be417de6c6af64a/ecj-4.2.2.jar
7f0a16196000-7f0a1619b000 r--s 0008c000 08:06 1442765                    /home/rohan/.gradle/caches/modules-2/files-2.1/com.android.tools.lint/lint-checks/24.0.0/9cb8d9c675a7716ac6f4d20df0ef0aba0e4519f5/lint-checks-24.0.0.jar
7f0a1619b000-7f0a161a9000 r--s 00081000 08:06 1443247                    /home/rohan/.gradle/caches/modules-2/files-2.1/org.bouncycastle/bcpkix-jdk15on/1.48/28b7614b908a47844bb27e3c94b45b6893656265/bcpkix-jdk15on-1.48.jar
7f0a161a9000-7f0a161b3000 r--s 000a8000 08:06 1442764                    /home/rohan/.gradle/caches/modules-2/files-2.1/com.android.tools/sdklib/24.0.0/df228874ac1c933b64492bdbe2d9bab5ab434166/sdklib-24.0.0.jar
7f0a161b3000-7f0a161b5000 r--s 00003000 08:06 1442763                    /home/rohan/.gradle/caches/modules-2/files-2.1/com.android.tools.build/builder-model/1.0.0/2a3969a9082b47a4855395de918682eee946285a/builder-model-1.0.0.jar
7f0a161b5000-7f0a161b8000 r--s 00029000 08:06 1442762                    /home/rohan/.gradle/caches/modules-2/files-2.1/com.android.tools.build/manifest-merger/24.0.0/d0193672ed299817e4be2ba1caeeda4924b0e447/manifest-merger-24.0.0.jar
7f0a161b8000-7f0a161bd000 r--s 00042000 08:06 1442761                    /home/rohan/.gradle/caches/modules-2/files-2.1/com.android.tools.ddms/ddmlib/24.0.0/25b4cd0c917c47ce599008f4431ecffa0a57b51a/ddmlib-24.0.0.jar
7f0a161bd000-7f0a161be000 r--s 00000000 08:06 1442760                    /home/rohan/.gradle/caches/modules-2/files-2.1/com.android.tools.build/builder-test-api/1.0.0/2d6ea74b74f8d928e468ff623825d22a5d8a1649/builder-test-api-1.0.0.jar
7f0a161be000-7f0a161c0000 r--s 00014000 08:06 1442759                    /home/rohan/.gradle/caches/modules-2/files-2.1/com.android.tools/common/24.0.0/271771234c82097345fb73c9571c403e22f62faf/common-24.0.0.jar
7f0a161c0000-7f0a161c2000 r--s 00002000 08:06 1442758                    /home/rohan/.gradle/caches/modules-2/files-2.1/com.squareup/javawriter/2.5.0/81241ff7078ef14f42ea2a8995fa09c096256e6b/javawriter-2.5.0.jar
7f0a161c2000-7f0a161f5000 r--s 00203000 08:06 1443264                    /home/rohan/.gradle/caches/modules-2/files-2.1/org.bouncycastle/bcprov-jdk15on/1.48/960dea7c9181ba0b17e8bab0c06a43f0a5f04e65/bcprov-jdk15on-1.48.jar
7f0a161f5000-7f0a161fa000 r--s 00047000 08:06 1442757                    /home/rohan/.gradle/caches/modules-2/files-2.1/com.android.tools/sdk-common/24.0.0/ebb1e063b8c370a88a38bf46036dce3892fe6c01/sdk-common-24.0.0.jar
7f0a161fa000-7f0a161fb000 r--s 00002000 08:06 1442756                    /home/rohan/.gradle/caches/modules-2/files-2.1/net.sf.proguard/proguard-gradle/5.1/672d43cbfde4765080e5bea19c51a2cc45dfc00/proguard-gradle-5.1.jar
7f0a161fb000-7f0a1620b000 r--s 00138000 08:06 1442753                    /home/rohan/.gradle/caches/modules-2/files-2.1/com.android.tools.build/gradle/1.0.0/79f4ed9b6582ecec4d7b35aecfa45fbc48dadb96/gradle-1.0.0.jar
7f0a1620b000-7f0a16214000 r--s 000b9000 08:06 409596                     /usr/lib/jvm/java-7-openjdk-amd64/jre/lib/resources.jar
7f0a16214000-7f0a16217000 ---p 00000000 00:00 0 
7f0a16217000-7f0a16315000 rw-p 00000000 00:00 0                          [stack:6108]
7f0a16315000-7f0a1637f000 r--s 0069e000 08:06 814912                     /usr/lib/jvm/java-7-openjdk-amd64/lib/tools.jar
7f0a1637f000-7f0a16382000 ---p 00000000 00:00 0 
7f0a16382000-7f0a16480000 rw-p 00000000 00:00 0                          [stack:6105]
7f0a16480000-7f0a16483000 ---p 00000000 00:00 0 
7f0a16483000-7f0a16581000 rw-p 00000000 00:00 0                          [stack:6102]
7f0a16581000-7f0a16584000 ---p 00000000 00:00 0 
7f0a16584000-7f0a16682000 rw-p 00000000 00:00 0                          [stack:6101]
7f0a16682000-7f0a16685000 ---p 00000000 00:00 0 
7f0a16685000-7f0a16783000 rw-p 00000000 00:00 0                          [stack:6100]
7f0a16783000-7f0a16786000 ---p 00000000 00:00 0 
7f0a16786000-7f0a16884000 rw-p 00000000 00:00 0                          [stack:6099]
7f0a16884000-7f0a16887000 ---p 00000000 00:00 0 
7f0a16887000-7f0a16985000 rw-p 00000000 00:00 0                          [stack:6098]
7f0a16985000-7f0a16989000 r-xp 00000000 08:06 2625276                    /tmp/native-platform635220675956284778dir/libnative-platform.so
7f0a16989000-7f0a16b88000 ---p 00004000 08:06 2625276                    /tmp/native-platform635220675956284778dir/libnative-platform.so
7f0a16b88000-7f0a16b89000 rw-p 00003000 08:06 2625276                    /tmp/native-platform635220675956284778dir/libnative-platform.so
7f0a16b89000-7f0a16b8e000 r--s 00018000 08:06 932504                     /home/rohan/.gradle/wrapper/dists/gradle-2.2.1-all/6dibv5rcnnqlfbq9klf8imrndn/gradle-2.2.1/lib/plugins/gradle-platform-base-2.2.1.jar
7f0a16b8e000-7f0a16b93000 r--s 00026000 08:06 932503                     /home/rohan/.gradle/wrapper/dists/gradle-2.2.1-all/6dibv5rcnnqlfbq9klf8imrndn/gradle-2.2.1/lib/plugins/gradle-build-init-2.2.1.jar
7f0a16b93000-7f0a16b96000 r--s 0001d000 08:06 932502                     /home/rohan/.gradle/wrapper/dists/gradle-2.2.1-all/6dibv5rcnnqlfbq9klf8imrndn/gradle-2.2.1/lib/plugins/gradle-jacoco-2.2.1.jar
7f0a16b96000-7f0a16b99000 r--s 0000d000 08:06 932501                     /home/rohan/.gradle/wrapper/dists/gradle-2.2.1-all/6dibv5rcnnqlfbq9klf8imrndn/gradle-2.2.1/lib/plugins/gradle-ivy-2.2.1.jar
7f0a16b99000-7f0a16b9b000 r--s 00018000 08:06 1442755                    /home/rohan/.gradle/caches/modules-2/files-2.1/com.android.tools.lint/lint/24.0.0/e3d6e09a113af66fd2e5dc6e4d2321d7b0d82328/lint-24.0.0.jar
7f0a16b9b000-7f0a16b9f000 r--s 00031000 08:06 1442754                    /home/rohan/.gradle/caches/modules-2/files-2.1/com.android.tools.build/builder/1.0.0/528fdfb8a4d51ae4177e7d913e88767916a84758/builder-1.0.0.jar
7f0a16b9f000-7f0a16ba2000 ---p 00000000 00:00 0 
7f0a16ba2000-7f0a16bd8000 rw-p 00000000 00:00 0                          [stack:6107]
7f0a16bd8000-7f0a16bd9000 r--p 00000000 00:00 0 
7f0a16bd9000-7f0a16be0000 r--s 00000000 08:06 550944                     /usr/lib/x86_64-linux-gnu/gconv/gconv-modules.cache
7f0a16be0000-7f0a16be4000 r--s 0004d000 08:06 409597                     /usr/lib/jvm/java-7-openjdk-amd64/jre/lib/jsse.jar
7f0a16be4000-7f0a16be5000 r--s 00001000 08:06 932513                     /home/rohan/.gradle/wrapper/dists/gradle-2.2.1-all/6dibv5rcnnqlfbq9klf8imrndn/gradle-2.2.1/lib/plugins/gradle-plugin-development-2.2.1.jar
7f0a16be5000-7f0a16be7000 r--s 00002000 08:06 932512                     /home/rohan/.gradle/wrapper/dists/gradle-2.2.1-all/6dibv5rcnnqlfbq9klf8imrndn/gradle-2.2.1/lib/plugins/gradle-cunit-2.2.1.jar
7f0a16be7000-7f0a16bec000 r--s 00036000 08:06 932511                     /home/rohan/.gradle/wrapper/dists/gradle-2.2.1-all/6dibv5rcnnqlfbq9klf8imrndn/gradle-2.2.1/lib/plugins/gradle-ide-native-2.2.1.jar
7f0a16bec000-7f0a16bf1000 r--s 00013000 08:06 932510                     /home/rohan/.gradle/wrapper/dists/gradle-2.2.1-all/6dibv5rcnnqlfbq9klf8imrndn/gradle-2.2.1/lib/plugins/gradle-language-native-2.2.1.jar
7f0a16bf1000-7f0a16bfc000 r--s 0004d000 08:06 932509                     /home/rohan/.gradle/wrapper/dists/gradle-2.2.1-all/6dibv5rcnnqlfbq9klf8imrndn/gradle-2.2.1/lib/plugins/gradle-platform-native-2.2.1.jar
7f0a16bfc000-7f0a16bfe000 r--s 00008000 08:06 932508                     /home/rohan/.gradle/wrapper/dists/gradle-2.2.1-all/6dibv5rcnnqlfbq9klf8imrndn/gradle-2.2.1/lib/plugins/gradle-language-groovy-2.2.1.jar
7f0a16bfe000-7f0a16c03000 r--s 00022000 08:06 932507                     /home/rohan/.gradle/wrapper/dists/gradle-2.2.1-all/6dibv5rcnnqlfbq9klf8imrndn/gradle-2.2.1/lib/plugins/gradle-language-java-2.2.1.jar
7f0a16c03000-7f0a16c06000 r--s 00007000 08:06 932506                     /home/rohan/.gradle/wrapper/dists/gradle-2.2.1-all/6dibv5rcnnqlfbq9klf8imrndn/gradle-2.2.1/lib/plugins/gradle-language-jvm-2.2.1.jar
7f0a16c06000-7f0a16c09000 r--s 00009000 08:06 932505                     /home/rohan/.gradle/wrapper/dists/gradle-2.2.1-all/6dibv5rcnnqlfbq9klf8imrndn/gradle-2.2.1/lib/plugins/gradle-platform-jvm-2.2.1.jar
7f0a16c09000-7f0a16c0b000 r--s 00002000 08:06 932500                     /home/rohan/.gradle/wrapper/dists/gradle-2.2.1-all/6dibv5rcnnqlfbq9klf8imrndn/gradle-2.2.1/lib/plugins/gradle-publish-2.2.1.jar
7f0a16c0b000-7f0a16c0d000 r--s 00005000 08:06 932538                     /home/rohan/.gradle/wrapper/dists/gradle-2.2.1-all/6dibv5rcnnqlfbq9klf8imrndn/gradle-2.2.1/lib/plugins/jatl-0.2.2.jar
7f0a16c0d000-7f0a16c0f000 r--s 0000f000 08:06 932499                     /home/rohan/.gradle/wrapper/dists/gradle-2.2.1-all/6dibv5rcnnqlfbq9klf8imrndn/gradle-2.2.1/lib/plugins/gradle-reporting-2.2.1.jar
7f0a16c0f000-7f0a16c14000 r--s 00034000 08:06 932498                     /home/rohan/.gradle/wrapper/dists/gradle-2.2.1-all/6dibv5rcnnqlfbq9klf8imrndn/gradle-2.2.1/lib/plugins/gradle-diagnostics-2.2.1.jar
7f0a16c14000-7f0a16c1b000 r--s 00090000 08:06 932497                     /home/rohan/.gradle/wrapper/dists/gradle-2.2.1-all/6dibv5rcnnqlfbq9klf8imrndn/gradle-2.2.1/lib/plugins/gradle-build-comparison-2.2.1.jar
7f0a16c1b000-7f0a16c22000 r--s 00035000 08:06 932537                     /home/rohan/.gradle/wrapper/dists/gradle-2.2.1-all/6dibv5rcnnqlfbq9klf8imrndn/gradle-2.2.1/lib/plugins/simple-4.1.21.jar
7f0a16c22000-7f0a16c2e000 r--s 00100000 08:06 932535                     /home/rohan/.gradle/wrapper/dists/gradle-2.2.1-all/6dibv5rcnnqlfbq9klf8imrndn/gradle-2.2.1/lib/plugins/rhino-1.7R3.jar
7f0a16c2e000-7f0a16c33000 r--s 0001f000 08:06 932496                     /home/rohan/.gradle/wrapper/dists/gradle-2.2.1-all/6dibv5rcnnqlfbq9klf8imrndn/gradle-2.2.1/lib/plugins/gradle-javascript-2.2.1.jar
7f0a16c33000-7f0a16c35000 r--s 0000e000 08:06 932495                     /home/rohan/.gradle/wrapper/dists/gradle-2.2.1-all/6dibv5rcnnqlfbq9klf8imrndn/gradle-2.2.1/lib/plugins/gradle-ear-2.2.1.jar
7f0a16c35000-7f0a16c39000 r--s 00025000 08:06 932534                     /home/rohan/.gradle/wrapper/dists/gradle-2.2.1-all/6dibv5rcnnqlfbq9klf8imrndn/gradle-2.2.1/lib/plugins/bcpg-jdk15-1.46.jar
7f0a16c39000-7f0a16c3c000 r--s 0001d000 08:06 932494                     /home/rohan/.gradle/wrapper/dists/gradle-2.2.1-all/6dibv5rcnnqlfbq9klf8imrndn/gradle-2.2.1/lib/plugins/gradle-signing-2.2.1.jar
7f0a16c3c000-7f0a16c3d000 r--s 00002000 08:06 932533                     /home/rohan/.gradle/wrapper/dists/gradle-2.2.1-all/6dibv5rcnnqlfbq9klf8imrndn/gradle-2.2.1/lib/plugins/sonar-batch-bootstrapper-2.9.jar
7f0a16c3d000-7f0a16c40000 r--s 00018000 08:06 932493                     /home/rohan/.gradle/wrapper/dists/gradle-2.2.1-all/6dibv5rcnnqlfbq9klf8imrndn/gradle-2.2.1/lib/plugins/gradle-sonar-2.2.1.jar
7f0a16c40000-7f0a16c43000 r--s 00017000 08:06 932492                     /home/rohan/.gradle/wrapper/dists/gradle-2.2.1-all/6dibv5rcnnqlfbq9klf8imrndn/gradle-2.2.1/lib/plugins/gradle-scala-2.2.1.jar
7f0a16c43000-7f0a16c45000 r--s 0000e000 08:06 932491                     /home/rohan/.gradle/wrapper/dists/gradle-2.2.1-all/6dibv5rcnnqlfbq9klf8imrndn/gradle-2.2.1/lib/plugins/gradle-announce-2.2.1.jar
7f0a16c45000-7f0a16c53000 r--s 000bc000 08:06 932490                     /home/rohan/.gradle/wrapper/dists/gradle-2.2.1-all/6dibv5rcnnqlfbq9klf8imrndn/gradle-2.2.1/lib/plugins/gradle-ide-2.2.1.jar
7f0a16c53000-7f0a16c55000 r--s 00000000 08:06 932532                     /home/rohan/.gradle/wrapper/dists/gradle-2.2.1-all/6dibv5rcnnqlfbq9klf8imrndn/gradle-2.2.1/lib/plugins/plexus-component-annotations-1.5.2.jar
7f0a16c55000-7f0a16c58000 r--s 0000c000 08:06 932531                     /home/rohan/.gradle/wrapper/dists/gradle-2.2.1-all/6dibv5rcnnqlfbq9klf8imrndn/gradle-2.2.1/lib/plugins/pmaven-groovy-0.8-20100325.jar
7f0a16c58000-7f0a16c59000 r--s 00004000 08:06 932530                     /home/rohan/.gradle/wrapper/dists/gradle-2.2.1-all/6dibv5rcnnqlfbq9klf8imrndn/gradle-2.2.1/lib/plugins/pmaven-common-0.8-20100325.jar
7f0a16c59000-7f0a16c5d000 r--s 0001e000 08:06 932489                     /home/rohan/.gradle/wrapper/dists/gradle-2.2.1-all/6dibv5rcnnqlfbq9klf8imrndn/gradle-2.2.1/lib/plugins/gradle-maven-2.2.1.jar
7f0a16c5d000-7f0a16c75000 r--s 0013b000 08:06 932528                     /home/rohan/.gradle/wrapper/dists/gradle-2.2.1-all/6dibv5rcnnqlfbq9klf8imrndn/gradle-2.2.1/lib/plugins/bndlib-2.1.0.jar
7f0a16c75000-7f0a16c77000 r--s 00004000 08:06 932488                     /home/rohan/.gradle/wrapper/dists/gradle-2.2.1-all/6dibv5rcnnqlfbq9klf8imrndn/gradle-2.2.1/lib/plugins/gradle-osgi-2.2.1.jar
7f0a16c77000-7f0a16c7c000 r--s 00068000 08:06 932527                     /home/rohan/.gradle/wrapper/dists/gradle-2.2.1-all/6dibv5rcnnqlfbq9klf8imrndn/gradle-2.2.1/lib/plugins/antlr-2.7.7.jar
7f0a16c7c000-7f0a16c7d000 r--s 00002000 08:06 932526                     /home/rohan/.gradle/wrapper/dists/gradle-2.2.1-all/6dibv5rcnnqlfbq9klf8imrndn/gradle-2.2.1/lib/plugins/ant-antlr-1.9.3.jar
7f0a16c7d000-7f0a16c7f000 r--s 00004000 08:06 932487                     /home/rohan/.gradle/wrapper/dists/gradle-2.2.1-all/6dibv5rcnnqlfbq9klf8imrndn/gradle-2.2.1/lib/plugins/gradle-antlr-2.2.1.jar
7f0a16c7f000-7f0a16c82000 r--s 0001e000 08:06 932549                     /home/rohan/.gradle/wrapper/dists/gradle-2.2.1-all/6dibv5rcnnqlfbq9klf8imrndn/gradle-2.2.1/lib/plugins/jsp-api-2.1-6.1.14.jar
7f0a16c82000-7f0a16ca5000 r--s 00344000 08:06 932548                     /home/rohan/.gradle/wrapper/dists/gradle-2.2.1-all/6dibv5rcnnqlfbq9klf8imrndn/gradle-2.2.1/lib/plugins/core-3.1.1.jar
7f0a16ca5000-7f0a16ca6000 r--s 00006000 08:06 932547                     /home/rohan/.gradle/wrapper/dists/gradle-2.2.1-all/6dibv5rcnnqlfbq9klf8imrndn/gradle-2.2.1/lib/plugins/jetty-naming-6.1.25.jar
7f0a16ca6000-7f0a16ca7000 r--s 00002000 08:06 932525                     /home/rohan/.gradle/wrapper/dists/gradle-2.2.1-all/6dibv5rcnnqlfbq9klf8imrndn/gradle-2.2.1/lib/plugins/geronimo-annotation_1.0_spec-1.0.jar
7f0a16ca7000-7f0a16ca9000 r--s 00002000 08:06 932524                     /home/rohan/.gradle/wrapper/dists/gradle-2.2.1-all/6dibv5rcnnqlfbq9klf8imrndn/gradle-2.2.1/lib/plugins/jetty-annotations-6.1.25.jar
7f0a16ca9000-7f0a16cba000 r--s 000ea000 08:06 932523                     /home/rohan/.gradle/wrapper/dists/gradle-2.2.1-all/6dibv5rcnnqlfbq9klf8imrndn/gradle-2.2.1/lib/plugins/jsp-2.1-6.1.14.jar
7f0a16cba000-7f0a16cbc000 r--s 0000d000 08:06 932522                     /home/rohan/.gradle/wrapper/dists/gradle-2.2.1-all/6dibv5rcnnqlfbq9klf8imrndn/gradle-2.2.1/lib/plugins/jetty-plus-6.1.25.jar
7f0a16cbc000-7f0a16cbe000 r--s 0001f000 08:06 932521                     /home/rohan/.gradle/wrapper/dists/gradle-2.2.1-all/6dibv5rcnnqlfbq9klf8imrndn/gradle-2.2.1/lib/plugins/servlet-api-2.5-20081211.jar
7f0a16cbe000-7f0a16cc2000 r--s 00028000 08:06 932520                     /home/rohan/.gradle/wrapper/dists/gradle-2.2.1-all/6dibv5rcnnqlfbq9klf8imrndn/gradle-2.2.1/lib/plugins/jetty-util-6.1.25.jar
7f0a16cc2000-7f0a16cc9000 r--s 0007d000 08:06 932519                     /home/rohan/.gradle/wrapper/dists/gradle-2.2.1-all/6dibv5rcnnqlfbq9klf8imrndn/gradle-2.2.1/lib/plugins/jetty-6.1.25.jar
7f0a16cc9000-7f0a16ccb000 r--s 00009000 08:06 932486                     /home/rohan/.gradle/wrapper/dists/gradle-2.2.1-all/6dibv5rcnnqlfbq9klf8imrndn/gradle-2.2.1/lib/plugins/gradle-jetty-2.2.1.jar
7f0a16ccb000-7f0a16cd0000 r--s 00041000 08:06 932485                     /home/rohan/.gradle/wrapper/dists/gradle-2.2.1-all/6dibv5rcnnqlfbq9klf8imrndn/gradle-2.2.1/lib/plugins/gradle-code-quality-2.2.1.jar
7f0a16cd0000-7f0a16cd2000 r--s 00009000 08:06 932557                     /home/rohan/.gradle/wrapper/dists/gradle-2.2.1-all/6dibv5rcnnqlfbq9klf8imrndn/gradle-2.2.1/lib/plugins/hamcrest-core-1.3.jar
7f0a16cd2000-7f0a16cd8000 r--s 00033000 08:06 932546                     /home/rohan/.gradle/wrapper/dists/gradle-2.2.1-all/6dibv5rcnnqlfbq9klf8imrndn/gradle-2.2.1/lib/plugins/snakeyaml-1.6.jar
7f0a16cd8000-7f0a16cda000 r--s 00006000 08:06 932545                     /home/rohan/.gradle/wrapper/dists/gradle-2.2.1-all/6dibv5rcnnqlfbq9klf8imrndn/gradle-2.2.1/lib/plugins/jcommander-1.12.jar
7f0a16cda000-7f0a16cdf000 r--s 00040000 08:06 932544                     /home/rohan/.gradle/wrapper/dists/gradle-2.2.1-all/6dibv5rcnnqlfbq9klf8imrndn/gradle-2.2.1/lib/plugins/bsh-2.0b4.jar
7f0a16cdf000-7f0a16ce1000 r--s 00009000 08:06 932518                     /home/rohan/.gradle/wrapper/dists/gradle-2.2.1-all/6dibv5rcnnqlfbq9klf8imrndn/gradle-2.2.1/lib/plugins/commons-cli-1.2.jar
7f0a16ce1000-7f0a16cea000 r--s 00089000 08:06 932517                     /home/rohan/.gradle/wrapper/dists/gradle-2.2.1-all/6dibv5rcnnqlfbq9klf8imrndn/gradle-2.2.1/lib/plugins/testng-6.3.1.jar
7f0a16cea000-7f0a16cf0000 r--s 00036000 08:06 932516                     /home/rohan/.gradle/wrapper/dists/gradle-2.2.1-all/6dibv5rcnnqlfbq9klf8imrndn/gradle-2.2.1/lib/plugins/junit-4.11.jar
7f0a16cf0000-7f0a16cfc000 r--s 00075000 08:06 932484                     /home/rohan/.gradle/wrapper/dists/gradle-2.2.1-all/6dibv5rcnnqlfbq9klf8imrndn/gradle-2.2.1/lib/plugins/gradle-plugins-2.2.1.jar
7f0a16cfc000-7f0a16cff000 r--s 00011000 08:06 932514                     /home/rohan/.gradle/wrapper/dists/gradle-2.2.1-all/6dibv5rcnnqlfbq9klf8imrndn/gradle-2.2.1/lib/plugins/gradle-plugin-use-2.2.1.jar
7f0a16cff000-7f0a16d17000 r--s 00115000 08:06 932555                     /home/rohan/.gradle/wrapper/dists/gradle-2.2.1-all/6dibv5rcnnqlfbq9klf8imrndn/gradle-2.2.1/lib/plugins/xercesImpl-2.9.1.jar
7f0a16d17000-7f0a16d1f000 r--s 00028000 08:06 932556                     /home/rohan/.gradle/wrapper/dists/gradle-2.2.1-all/6dibv5rcnnqlfbq9klf8imrndn/gradle-2.2.1/lib/plugins/xml-apis-1.3.04.jar
7f0a16d1f000-7f0a16d25000 r--s 0005b000 08:06 932554                     /home/rohan/.gradle/wrapper/dists/gradle-2.2.1-all/6dibv5rcnnqlfbq9klf8imrndn/gradle-2.2.1/lib/plugins/jcifs-1.3.17.jar
7f0a16d25000-7f0a16d2b000 r--s 00031000 08:06 932553                     /home/rohan/.gradle/wrapper/dists/gradle-2.2.1-all/6dibv5rcnnqlfbq9klf8imrndn/gradle-2.2.1/lib/plugins/httpcore-4.2.2.jar
7f0a16d2b000-7f0a16d31000 r--s 00033000 08:06 932552                     /home/rohan/.gradle/wrapper/dists/gradle-2.2.1-all/6dibv5rcnnqlfbq9klf8imrndn/gradle-2.2.1/lib/plugins/commons-codec-1.6.jar
7f0a16d31000-7f0a16d34000 r--s 0001c000 08:06 932551                     /home/rohan/.gradle/wrapper/dists/gradle-2.2.1-all/6dibv5rcnnqlfbq9klf8imrndn/gradle-2.2.1/lib/plugins/nekohtml-1.9.14.jar
7f0a16d34000-7f0a16d3d000 r--s 00060000 08:06 932550                     /home/rohan/.gradle/wrapper/dists/gradle-2.2.1-all/6dibv5rcnnqlfbq9klf8imrndn/gradle-2.2.1/lib/plugins/httpclient-4.2.2.jar
7f0a16d3d000-7f0a16d3f000 r--s 00007000 08:06 932539                     /home/rohan/.gradle/wrapper/dists/gradle-2.2.1-all/6dibv5rcnnqlfbq9klf8imrndn/gradle-2.2.1/lib/plugins/gradle-resources-http-2.2.1.jar
7f0a16d3f000-7f0a16d67000 r--s 00194000 08:06 932543                     /home/rohan/.gradle/wrapper/dists/gradle-2.2.1-all/6dibv5rcnnqlfbq9klf8imrndn/gradle-2.2.1/lib/plugins/bcprov-jdk15-1.46.jar
7f0a16d67000-7f0a16d6b000 r--s 0001d000 08:06 932542                     /home/rohan/.gradle/wrapper/dists/gradle-2.2.1-all/6dibv5rcnnqlfbq9klf8imrndn/gradle-2.2.1/lib/plugins/xbean-reflect-3.4.jar
7f0a16d6b000-7f0a16d70000 r--s 0002a000 08:06 932536                     /home/rohan/.gradle/wrapper/dists/gradle-2.2.1-all/6dibv5rcnnqlfbq9klf8imrndn/gradle-2.2.1/lib/plugins/gson-2.2.4.jar
7f0a16d70000-7f0a16d74000 r--s 0003d000 08:06 932541                     /home/rohan/.gradle/wrapper/dists/gradle-2.2.1-all/6dibv5rcnnqlfbq9klf8imrndn/gradle-2.2.1/lib/plugins/jsch-0.1.51.jar
7f0a16d74000-7f0a16d8d000 r--s 00129000 08:06 932529                     /home/rohan/.gradle/wrapper/dists/gradle-2.2.1-all/6dibv5rcnnqlfbq9klf8imrndn/gradle-2.2.1/lib/plugins/maven-ant-tasks-2.1.3.jar
7f0a16d8d000-7f0a16d9c000 r--s 000d9000 08:06 932540                     /home/rohan/.gradle/wrapper/dists/gradle-2.2.1-all/6dibv5rcnnqlfbq9klf8imrndn/gradle-2.2.1/lib/plugins/ivy-2.2.0.jar
7f0a16d9c000-7f0a16da0000 r--s 0001e000 08:06 932483                     /home/rohan/.gradle/wrapper/dists/gradle-2.2.1-all/6dibv5rcnnqlfbq9klf8imrndn/gradle-2.2.1/lib/plugins/jarjar-aether-impl-1.13.1.jar
7f0a16da0000-7f0a16da3000 r--s 00027000 08:06 932482                     /home/rohan/.gradle/wrapper/dists/gradle-2.2.1-all/6dibv5rcnnqlfbq9klf8imrndn/gradle-2.2.1/lib/plugins/jarjar-maven-model-3.0.4.jar
7f0a16da3000-7f0a16da6000 r--s 0000b000 08:06 932481                     /home/rohan/.gradle/wrapper/dists/gradle-2.2.1-all/6dibv5rcnnqlfbq9klf8imrndn/gradle-2.2.1/lib/plugins/jarjar-maven-artifact-3.0.4.jar
7f0a16da6000-7f0a16daa000 r--s 0001e000 08:06 932480                     /home/rohan/.gradle/wrapper/dists/gradle-2.2.1-all/6dibv5rcnnqlfbq9klf8imrndn/gradle-2.2.1/lib/plugins/jarjar-aether-util-1.13.1.jar
7f0a16daa000-7f0a16dac000 r--s 00007000 08:06 932479                     /home/rohan/.gradle/wrapper/dists/gradle-2.2.1-all/6dibv5rcnnqlfbq9klf8imrndn/gradle-2.2.1/lib/plugins/jarjar-wagon-http-shared4-2.4.jar
7f0a16dac000-7f0a16db9000 r--s 00083000 08:06 932478                     /home/rohan/.gradle/wrapper/dists/gradle-2.2.1-all/6dibv5rcnnqlfbq9klf8imrndn/gradle-2.2.1/lib/plugins/jarjar-maven-core-3.0.4.jar
7f0a16db9000-7f0a16dbb000 r--s 00003000 08:06 932477                     /home/rohan/.gradle/wrapper/dists/gradle-2.2.1-all/6dibv5rcnnqlfbq9klf8imrndn/gradle-2.2.1/lib/plugins/jarjar-aether-spi-1.13.1.jar
7f0a16dbb000-7f0a16dbd000 r--s 00009000 08:06 932476                     /home/rohan/.gradle/wrapper/dists/gradle-2.2.1-all/6dibv5rcnnqlfbq9klf8imrndn/gradle-2.2.1/lib/plugins/jarjar-maven-settings-builder-3.0.4.jar
7f0a16dbd000-7f0a16dc1000 r--s 00014000 08:06 932475                     /home/rohan/.gradle/wrapper/dists/gradle-2.2.1-all/6dibv5rcnnqlfbq9klf8imrndn/gradle-2.2.1/lib/plugins/jarjar-aether-api-1.13.1.jar
7f0a16dc1000-7f0a16dc8000 r--s 00042000 08:06 932473                     /home/rohan/.gradle/wrapper/dists/gradle-2.2.1-all/6dibv5rcnnqlfbq9klf8imrndn/gradle-2.2.1/lib/plugins/jarjar-maven-compat-3.0.4.jar
7f0a16dc8000-7f0a16dca000 r--s 00006000 08:06 932472                     /home/rohan/.gradle/wrapper/dists/gradle-2.2.1-all/6dibv5rcnnqlfbq9klf8imrndn/gradle-2.2.1/lib/plugins/jarjar-aether-connector-wagon-1.13.1.jar
7f0a16dca000-7f0a16dcc000 r--s 00000000 08:06 932471                     /home/rohan/.gradle/wrapper/dists/gradle-2.2.1-all/6dibv5rcnnqlfbq9klf8imrndn/gradle-2.2.1/lib/plugins/jarjar-plexus-component-annotations-1.5.5.jar
7f0a16dcc000-7f0a16dce000 r--s 00006000 08:06 932470                     /home/rohan/.gradle/wrapper/dists/gradle-2.2.1-all/6dibv5rcnnqlfbq9klf8imrndn/gradle-2.2.1/lib/plugins/jarjar-plexus-sec-dispatcher-1.3.jar
7f0a16dce000-7f0a16dd3000 r--s 00022000 08:06 932469                     /home/rohan/.gradle/wrapper/dists/gradle-2.2.1-all/6dibv5rcnnqlfbq9klf8imrndn/gradle-2.2.1/lib/plugins/jarjar-maven-model-builder-3.0.4.jar
7f0a16dd3000-7f0a16dd5000 r--s 0000b000 08:06 932468                     /home/rohan/.gradle/wrapper/dists/gradle-2.2.1-all/6dibv5rcnnqlfbq9klf8imrndn/gradle-2.2.1/lib/plugins/jarjar-maven-plugin-api-3.0.4.jar
7f0a16dd5000-7f0a16dd8000 r--s 0000a000 08:06 932467                     /home/rohan/.gradle/wrapper/dists/gradle-2.2.1-all/6dibv5rcnnqlfbq9klf8imrndn/gradle-2.2.1/lib/plugins/jarjar-plexus-classworlds-2.4.jar
7f0a16dd8000-7f0a16ddc000 r--s 00035000 08:06 932466                     /home/rohan/.gradle/wrapper/dists/gradle-2.2.1-all/6dibv5rcnnqlfbq9klf8imrndn/gradle-2.2.1/lib/plugins/jarjar-plexus-utils-2.0.6.jar
7f0a16ddc000-7f0a16dec000 r-xp 00000000 08:06 548686                     /usr/lib/jvm/java-7-openjdk-amd64/jre/lib/amd64/libnio.so
7f0a16dec000-7f0a16fec000 ---p 00010000 08:06 548686                     /usr/lib/jvm/java-7-openjdk-amd64/jre/lib/amd64/libnio.so
7f0a16fec000-7f0a16fed000 r--p 00010000 08:06 548686                     /usr/lib/jvm/java-7-openjdk-amd64/jre/lib/amd64/libnio.so
7f0a16fed000-7f0a16fee000 rw-p 00011000 08:06 548686                     /usr/lib/jvm/java-7-openjdk-amd64/jre/lib/amd64/libnio.so
7f0a16fee000-7f0a1701f000 rw-p 00000000 00:00 0 
7f0a1701f000-7f0a1705c000 r-xp 00000000 08:06 1708338                    /lib/x86_64-linux-gnu/libpcre.so.3.13.1
7f0a1705c000-7f0a1725b000 ---p 0003d000 08:06 1708338                    /lib/x86_64-linux-gnu/libpcre.so.3.13.1
7f0a1725b000-7f0a1725c000 r--p 0003c000 08:06 1708338                    /lib/x86_64-linux-gnu/libpcre.so.3.13.1
7f0a1725c000-7f0a1725d000 rw-p 0003d000 08:06 1708338                    /lib/x86_64-linux-gnu/libpcre.so.3.13.1
7f0a1725d000-7f0a17264000 r-xp 00000000 08:06 272673                     /usr/lib/x86_64-linux-gnu/libffi.so.6.0.1
7f0a17264000-7f0a17463000 ---p 00007000 08:06 272673                     /usr/lib/x86_64-linux-gnu/libffi.so.6.0.1
7f0a17463000-7f0a17464000 r--p 00006000 08:06 272673                     /usr/lib/x86_64-linux-gnu/libffi.so.6.0.1
7f0a17464000-7f0a17465000 rw-p 00007000 08:06 272673                     /usr/lib/x86_64-linux-gnu/libffi.so.6.0.1
7f0a17465000-7f0a1747c000 r-xp 00000000 08:06 1704037                    /lib/x86_64-linux-gnu/libresolv-2.19.so
7f0a1747c000-7f0a1767c000 ---p 00017000 08:06 1704037                    /lib/x86_64-linux-gnu/libresolv-2.19.so
7f0a1767c000-7f0a1767d000 r--p 00017000 08:06 1704037                    /lib/x86_64-linux-gnu/libresolv-2.19.so
7f0a1767d000-7f0a1767e000 rw-p 00018000 08:06 1704037                    /lib/x86_64-linux-gnu/libresolv-2.19.so
7f0a1767e000-7f0a17680000 rw-p 00000000 00:00 0 
7f0a17680000-7f0a176a0000 r-xp 00000000 08:06 1708365                    /lib/x86_64-linux-gnu/libselinux.so.1
7f0a176a0000-7f0a1789f000 ---p 00020000 08:06 1708365                    /lib/x86_64-linux-gnu/libselinux.so.1
7f0a1789f000-7f0a178a0000 r--p 0001f000 08:06 1708365                    /lib/x86_64-linux-gnu/libselinux.so.1
7f0a178a0000-7f0a178a1000 rw-p 00020000 08:06 1708365                    /lib/x86_64-linux-gnu/libselinux.so.1
7f0a178a1000-7f0a178a3000 rw-p 00000000 00:00 0 
7f0a178a3000-7f0a178a6000 r-xp 00000000 08:06 262509                     /usr/lib/x86_64-linux-gnu/libgmodule-2.0.so.0.4002.0
7f0a178a6000-7f0a17aa5000 ---p 00003000 08:06 262509                     /usr/lib/x86_64-linux-gnu/libgmodule-2.0.so.0.4002.0
7f0a17aa5000-7f0a17aa6000 r--p 00002000 08:06 262509                     /usr/lib/x86_64-linux-gnu/libgmodule-2.0.so.0.4002.0
7f0a17aa6000-7f0a17aa7000 rw-p 00003000 08:06 262509                     /usr/lib/x86_64-linux-gnu/libgmodule-2.0.so.0.4002.0
7f0a17aa7000-7f0a17bad000 r-xp 00000000 08:06 1708163                    /lib/x86_64-linux-gnu/libglib-2.0.so.0.4002.0
7f0a17bad000-7f0a17dac000 ---p 00106000 08:06 1708163                    /lib/x86_64-linux-gnu/libglib-2.0.so.0.4002.0
7f0a17dac000-7f0a17dad000 r--p 00105000 08:06 1708163                    /lib/x86_64-linux-gnu/libglib-2.0.so.0.4002.0
7f0a17dad000-7f0a17dae000 rw-p 00106000 08:06 1708163                    /lib/x86_64-linux-gnu/libglib-2.0.so.0.4002.0
7f0a17dae000-7f0a17daf000 rw-p 00000000 00:00 0 
7f0a17daf000-7f0a17dfe000 r-xp 00000000 08:06 262527                     /usr/lib/x86_64-linux-gnu/libgobject-2.0.so.0.4002.0
7f0a17dfe000-7f0a17ffe000 ---p 0004f000 08:06 262527                     /usr/lib/x86_64-linux-gnu/libgobject-2.0.so.0.4002.0
7f0a17ffe000-7f0a17fff000 r--p 0004f000 08:06 262527                     /usr/lib/x86_64-linux-gnu/libgobject-2.0.so.0.4002.0
7f0a17fff000-7f0a18000000 rw-p 00050000 08:06 262527                     /usr/lib/x86_64-linux-gnu/libgobject-2.0.so.0.4002.0
7f0a18000000-7f0a198e1000 rw-p 00000000 00:00 0 
7f0a198e1000-7f0a1c000000 ---p 00000000 00:00 0 
7f0a1c000000-7f0a1c021000 rw-p 00000000 00:00 0 
7f0a1c021000-7f0a20000000 ---p 00000000 00:00 0 
7f0a20000000-7f0a20021000 rw-p 00000000 00:00 0 
7f0a20021000-7f0a24000000 ---p 00000000 00:00 0 
7f0a24000000-7f0a25813000 rw-p 00000000 00:00 0 
7f0a25813000-7f0a28000000 ---p 00000000 00:00 0 
7f0a28000000-7f0a28021000 rw-p 00000000 00:00 0 
7f0a28021000-7f0a2c000000 ---p 00000000 00:00 0 
7f0a2c000000-7f0a2c021000 rw-p 00000000 00:00 0 
7f0a2c021000-7f0a30000000 ---p 00000000 00:00 0 
7f0a30000000-7f0a30021000 rw-p 00000000 00:00 0 
7f0a30021000-7f0a34000000 ---p 00000000 00:00 0 
7f0a34000000-7f0a34240000 rw-p 00000000 00:00 0 
7f0a34240000-7f0a38000000 ---p 00000000 00:00 0 
7f0a38000000-7f0a3802c000 rw-p 00000000 00:00 0 
7f0a3802c000-7f0a3c000000 ---p 00000000 00:00 0 
7f0a3c000000-7f0a3c001000 r--s 00002000 08:06 932474                     /home/rohan/.gradle/wrapper/dists/gradle-2.2.1-all/6dibv5rcnnqlfbq9klf8imrndn/gradle-2.2.1/lib/plugins/jarjar-wagon-http-2.4.jar
7f0a3c001000-7f0a3c003000 r--s 0000e000 08:06 932465                     /home/rohan/.gradle/wrapper/dists/gradle-2.2.1-all/6dibv5rcnnqlfbq9klf8imrndn/gradle-2.2.1/lib/plugins/jarjar-plexus-interpolation-1.14.jar
7f0a3c003000-7f0a3c005000 r--s 00002000 08:06 932464                     /home/rohan/.gradle/wrapper/dists/gradle-2.2.1-all/6dibv5rcnnqlfbq9klf8imrndn/gradle-2.2.1/lib/plugins/jarjar-plexus-cipher-1.7.jar
7f0a3c005000-7f0a3c007000 r--s 0000c000 08:06 932463                     /home/rohan/.gradle/wrapper/dists/gradle-2.2.1-all/6dibv5rcnnqlfbq9klf8imrndn/gradle-2.2.1/lib/plugins/jarjar-wagon-provider-api-2.4.jar
7f0a3c007000-7f0a3c009000 r--s 0000d000 08:06 932462                     /home/rohan/.gradle/wrapper/dists/gradle-2.2.1-all/6dibv5rcnnqlfbq9klf8imrndn/gradle-2.2.1/lib/plugins/jarjar-maven-aether-provider-3.0.4.jar
7f0a3c009000-7f0a3c011000 r--s 00031000 08:06 932461                     /home/rohan/.gradle/wrapper/dists/gradle-2.2.1-all/6dibv5rcnnqlfbq9klf8imrndn/gradle-2.2.1/lib/plugins/jarjar-plexus-container-default-1.5.5.jar
7f0a3c011000-7f0a3c012000 r--s 00007000 08:06 932460                     /home/rohan/.gradle/wrapper/dists/gradle-2.2.1-all/6dibv5rcnnqlfbq9klf8imrndn/gradle-2.2.1/lib/plugins/jarjar-maven-repository-metadata-3.0.4.jar
7f0a3c012000-7f0a3c17e000 r-xp 00000000 08:06 262531                     /usr/lib/x86_64-linux-gnu/libgio-2.0.so.0.4002.0
7f0a3c17e000-7f0a3c37d000 ---p 0016c000 08:06 262531                     /usr/lib/x86_64-linux-gnu/libgio-2.0.so.0.4002.0
7f0a3c37d000-7f0a3c381000 r--p 0016b000 08:06 262531                     /usr/lib/x86_64-linux-gnu/libgio-2.0.so.0.4002.0
7f0a3c381000-7f0a3c383000 rw-p 0016f000 08:06 262531                     /usr/lib/x86_64-linux-gnu/libgio-2.0.so.0.4002.0
7f0a3c383000-7f0a3c385000 rw-p 00000000 00:00 0 
7f0a3c385000-7f0a3c386000 r--s 0000b000 08:06 932459                     /home/rohan/.gradle/wrapper/dists/gradle-2.2.1-all/6dibv5rcnnqlfbq9klf8imrndn/gradle-2.2.1/lib/plugins/jarjar-maven-settings-3.0.4.jar
7f0a3c386000-7f0a3c39e000 r--s 000b5000 08:06 932515                     /home/rohan/.gradle/wrapper/dists/gradle-2.2.1-all/6dibv5rcnnqlfbq9klf8imrndn/gradle-2.2.1/lib/plugins/gradle-dependency-management-2.2.1.jar
7f0a3c39e000-7f0a3c3b5000 r-xp 00000000 08:06 548690                     /usr/lib/jvm/java-7-openjdk-amd64/jre/lib/amd64/libnet.so
7f0a3c3b5000-7f0a3c5b4000 ---p 00017000 08:06 548690                     /usr/lib/jvm/java-7-openjdk-amd64/jre/lib/amd64/libnet.so
7f0a3c5b4000-7f0a3c5b5000 r--p 00016000 08:06 548690                     /usr/lib/jvm/java-7-openjdk-amd64/jre/lib/amd64/libnet.so
7f0a3c5b5000-7f0a3c5b6000 rw-p 00017000 08:06 548690                     /usr/lib/jvm/java-7-openjdk-amd64/jre/lib/amd64/libnet.so
7f0a3c5b6000-7f0a3c5b7000 r--s 00005000 08:06 932410                     /home/rohan/.gradle/wrapper/dists/gradle-2.2.1-all/6dibv5rcnnqlfbq9klf8imrndn/gradle-2.2.1/lib/gradle-wrapper-2.2.1.jar
7f0a3c5b7000-7f0a3c5c0000 r--s 0002c000 08:06 932415                     /home/rohan/.gradle/wrapper/dists/gradle-2.2.1-all/6dibv5rcnnqlfbq9klf8imrndn/gradle-2.2.1/lib/gradle-tooling-api-2.2.1.jar
7f0a3c5c0000-7f0a3c5c2000 r--s 00002000 08:06 932439                     /home/rohan/.gradle/wrapper/dists/gradle-2.2.1-all/6dibv5rcnnqlfbq9klf8imrndn/gradle-2.2.1/lib/gradle-open-api-2.2.1.jar
7f0a3c5c2000-7f0a3c5c8000 r--s 00032000 08:06 932441                     /home/rohan/.gradle/wrapper/dists/gradle-2.2.1-all/6dibv5rcnnqlfbq9klf8imrndn/gradle-2.2.1/lib/jaxen-1.1.jar
7f0a3c5c8000-7f0a3c5cd000 r--s 00048000 08:06 932440                     /home/rohan/.gradle/wrapper/dists/gradle-2.2.1-all/6dibv5rcnnqlfbq9klf8imrndn/gradle-2.2.1/lib/dom4j-1.6.1.jar
7f0a3c5cd000-7f0a3c5d8000 r--s 00059000 08:06 932414                     /home/rohan/.gradle/wrapper/dists/gradle-2.2.1-all/6dibv5rcnnqlfbq9klf8imrndn/gradle-2.2.1/lib/gradle-ui-2.2.1.jar
7f0a3c5d8000-7f0a3c5da000 r--s 00006000 08:06 932435                     /home/rohan/.gradle/wrapper/dists/gradle-2.2.1-all/6dibv5rcnnqlfbq9klf8imrndn/gradle-2.2.1/lib/gradle-resources-2.2.1.jar
7f0a3c5da000-7f0a3c5dc000 r--s 00007000 08:06 932457                     /home/rohan/.gradle/wrapper/dists/gradle-2.2.1-all/6dibv5rcnnqlfbq9klf8imrndn/gradle-2.2.1/lib/objenesis-1.2.jar
7f0a3c5dc000-7f0a3c5de000 r--s 00000000 08:06 932456                     /home/rohan/.gradle/wrapper/dists/gradle-2.2.1-all/6dibv5rcnnqlfbq9klf8imrndn/gradle-2.2.1/lib/minlog-1.2.jar
7f0a3c5de000-7f0a3c5e0000 r--s 0000f000 08:06 932455                     /home/rohan/.gradle/wrapper/dists/gradle-2.2.1-all/6dibv5rcnnqlfbq9klf8imrndn/gradle-2.2.1/lib/reflectasm-1.07-shaded.jar
7f0a3c5e0000-7f0a3c5e4000 r--s 00026000 08:06 932446                     /home/rohan/.gradle/wrapper/dists/gradle-2.2.1-all/6dibv5rcnnqlfbq9klf8imrndn/gradle-2.2.1/lib/kryo-2.20.jar
7f0a3c5e4000-7f0a3c5ed000 r--s 00039000 08:06 932434                     /home/rohan/.gradle/wrapper/dists/gradle-2.2.1-all/6dibv5rcnnqlfbq9klf8imrndn/gradle-2.2.1/lib/gradle-messaging-2.2.1.jar
7f0a3c5ed000-7f0a3c5ee000 r--s 00003000 08:06 932454                     /home/rohan/.gradle/wrapper/dists/gradle-2.2.1-all/6dibv5rcnnqlfbq9klf8imrndn/gradle-2.2.1/lib/native-platform-freebsd-amd64-0.10.jar
7f0a3c5ee000-7f0a3c5ef000 r--s 00003000 08:06 932453                     /home/rohan/.gradle/wrapper/dists/gradle-2.2.1-all/6dibv5rcnnqlfbq9klf8imrndn/gradle-2.2.1/lib/native-platform-freebsd-i386-0.10.jar
7f0a3c5ef000-7f0a3c5f0000 r--s 00005000 08:06 932452                     /home/rohan/.gradle/wrapper/dists/gradle-2.2.1-all/6dibv5rcnnqlfbq9klf8imrndn/gradle-2.2.1/lib/native-platform-windows-i386-0.10.jar
7f0a3c5f0000-7f0a3c5f1000 r--s 00005000 08:06 932451                     /home/rohan/.gradle/wrapper/dists/gradle-2.2.1-all/6dibv5rcnnqlfbq9klf8imrndn/gradle-2.2.1/lib/native-platform-windows-amd64-0.10.jar
7f0a3c5f1000-7f0a3c5f2000 r--s 00003000 08:06 932450                     /home/rohan/.gradle/wrapper/dists/gradle-2.2.1-all/6dibv5rcnnqlfbq9klf8imrndn/gradle-2.2.1/lib/native-platform-linux-i386-0.10.jar
7f0a3c5f2000-7f0a3c5f3000 r--s 00003000 08:06 932449                     /home/rohan/.gradle/wrapper/dists/gradle-2.2.1-all/6dibv5rcnnqlfbq9klf8imrndn/gradle-2.2.1/lib/native-platform-linux-amd64-0.10.jar
7f0a3c5f3000-7f0a3c5f4000 r--s 00002000 08:06 932448                     /home/rohan/.gradle/wrapper/dists/gradle-2.2.1-all/6dibv5rcnnqlfbq9klf8imrndn/gradle-2.2.1/lib/native-platform-osx-amd64-0.10.jar
7f0a3c5f4000-7f0a3c5f5000 r--s 00002000 08:06 932447                     /home/rohan/.gradle/wrapper/dists/gradle-2.2.1-all/6dibv5rcnnqlfbq9klf8imrndn/gradle-2.2.1/lib/native-platform-osx-i386-0.10.jar
7f0a3c5f5000-7f0a3c5f7000 r--s 00008000 08:06 932444                     /home/rohan/.gradle/wrapper/dists/gradle-2.2.1-all/6dibv5rcnnqlfbq9klf8imrndn/gradle-2.2.1/lib/jansi-1.2.1.jar
7f0a3c5f7000-7f0a3c5fa000 r--s 0000d000 08:06 932443                     /home/rohan/.gradle/wrapper/dists/gradle-2.2.1-all/6dibv5rcnnqlfbq9klf8imrndn/gradle-2.2.1/lib/native-platform-0.10.jar
7f0a3c5fa000-7f0a3c5fe000 r--s 000e4000 08:06 932442                     /home/rohan/.gradle/wrapper/dists/gradle-2.2.1-all/6dibv5rcnnqlfbq9klf8imrndn/gradle-2.2.1/lib/jna-3.2.7.jar
7f0a3c5fe000-7f0a3c600000 r--s 00008000 08:06 932416                     /home/rohan/.gradle/wrapper/dists/gradle-2.2.1-all/6dibv5rcnnqlfbq9klf8imrndn/gradle-2.2.1/lib/gradle-native-2.2.1.jar
7f0a3c600000-7f0a3c602000 r--s 00005000 08:06 932413                     /home/rohan/.gradle/wrapper/dists/gradle-2.2.1-all/6dibv5rcnnqlfbq9klf8imrndn/gradle-2.2.1/lib/gradle-cli-2.2.1.jar
7f0a3c602000-7f0a3c604000 r--s 00003000 08:06 932433                     /home/rohan/.gradle/wrapper/dists/gradle-2.2.1-all/6dibv5rcnnqlfbq9klf8imrndn/gradle-2.2.1/lib/gradle-base-services-groovy-2.2.1.jar
7f0a3c604000-7f0a3c606000 r--s 0000a000 08:06 932421                     /home/rohan/.gradle/wrapper/dists/gradle-2.2.1-all/6dibv5rcnnqlfbq9klf8imrndn/gradle-2.2.1/lib/gradle-model-groovy-2.2.1.jar
7f0a3c606000-7f0a3c60a000 r--s 0001b000 08:06 932420                     /home/rohan/.gradle/wrapper/dists/gradle-2.2.1-all/6dibv5rcnnqlfbq9klf8imrndn/gradle-2.2.1/lib/gradle-model-core-2.2.1.jar
7f0a3c60a000-7f0a3c60b000 r--s 00000000 08:06 932436                     /home/rohan/.gradle/wrapper/dists/gradle-2.2.1-all/6dibv5rcnnqlfbq9klf8imrndn/gradle-2.2.1/lib/gradle-docs-2.2.1.jar
7f0a3c60b000-7f0a3c60d000 r--s 00003000 08:06 932438                     /home/rohan/.gradle/wrapper/dists/gradle-2.2.1-all/6dibv5rcnnqlfbq9klf8imrndn/gradle-2.2.1/lib/jcl-over-slf4j-1.7.7.jar
7f0a3c60d000-7f0a3c60e000 r--s 00005000 08:06 932437                     /home/rohan/.gradle/wrapper/dists/gradle-2.2.1-all/6dibv5rcnnqlfbq9klf8imrndn/gradle-2.2.1/lib/log4j-over-slf4j-1.7.7.jar
7f0a3c60e000-7f0a3c60f000 r--s 00000000 08:06 932432                     /home/rohan/.gradle/wrapper/dists/gradle-2.2.1-all/6dibv5rcnnqlfbq9klf8imrndn/gradle-2.2.1/lib/javax.inject-1.jar
7f0a3c60f000-7f0a3c612000 r--s 0001b000 08:06 932431                     /home/rohan/.gradle/wrapper/dists/gradle-2.2.1-all/6dibv5rcnnqlfbq9klf8imrndn/gradle-2.2.1/lib/jarjar-1.3.jar
7f0a3c612000-7f0a3c614000 r--s 00000000 08:06 932430                     /home/rohan/.gradle/wrapper/dists/gradle-2.2.1-all/6dibv5rcnnqlfbq9klf8imrndn/gradle-2.2.1/lib/jul-to-slf4j-1.7.7.jar
7f0a3c614000-7f0a3c61a000 r--s 0003b000 08:06 932428                     /home/rohan/.gradle/wrapper/dists/gradle-2.2.1-all/6dibv5rcnnqlfbq9klf8imrndn/gradle-2.2.1/lib/logback-classic-1.0.13.jar
7f0a3c61a000-7f0a3c685000 r--s 00685000 08:06 932419                     /home/rohan/.gradle/wrapper/dists/gradle-2.2.1-all/6dibv5rcnnqlfbq9klf8imrndn/gradle-2.2.1/lib/groovy-all-2.3.6.jar
7f0a3c685000-7f0a3c6ad000 r--s 001cf000 08:06 932418                     /home/rohan/.gradle/wrapper/dists/gradle-2.2.1-all/6dibv5rcnnqlfbq9klf8imrndn/gradle-2.2.1/lib/guava-jdk5-17.0.jar
7f0a3c6ad000-7f0a3c6cc000 r--s 001cc000 08:06 932423                     /home/rohan/.gradle/wrapper/dists/gradle-2.2.1-all/6dibv5rcnnqlfbq9klf8imrndn/gradle-2.2.1/lib/ant-1.9.3.jar
7f0a3c6cc000-7f0a3c6cd000 ---p 00000000 00:00 0 
7f0a3c6cd000-7f0a3c7cd000 rw-p 00000000 00:00 0                          [stack:6097]
7f0a3c7cd000-7f0a3c7d0000 ---p 00000000 00:00 0 
7f0a3c7d0000-7f0a3c8ce000 rw-p 00000000 00:00 0                          [stack:6096]
7f0a3c8ce000-7f0a3c8d1000 ---p 00000000 00:00 0 
7f0a3c8d1000-7f0a3c9cf000 rw-p 00000000 00:00 0                          [stack:6095]
7f0a3c9cf000-7f0a3c9d2000 ---p 00000000 00:00 0 
7f0a3c9d2000-7f0a41000000 rw-p 00000000 00:00 0                          [stack:6094]
7f0a41000000-7f0a41370000 rwxp 00000000 00:00 0 
7f0a41370000-7f0a449e0000 rw-p 00000000 00:00 0 
7f0a449e0000-7f0a48000000 ---p 00000000 00:00 0 
7f0a48000000-7f0a4800a000 r--s 0005d000 08:06 932427                     /home/rohan/.gradle/wrapper/dists/gradle-2.2.1-all/6dibv5rcnnqlfbq9klf8imrndn/gradle-2.2.1/lib/logback-core-1.0.13.jar
7f0a4800a000-7f0a4800f000 r--s 00041000 08:06 932426                     /home/rohan/.gradle/wrapper/dists/gradle-2.2.1-all/6dibv5rcnnqlfbq9klf8imrndn/gradle-2.2.1/lib/commons-lang-2.6.jar
7f0a4800f000-7f0a4801d000 r--s 0007f000 08:06 932424                     /home/rohan/.gradle/wrapper/dists/gradle-2.2.1-all/6dibv5rcnnqlfbq9klf8imrndn/gradle-2.2.1/lib/commons-collections-3.2.1.jar
7f0a4801d000-7f0a4804e000 r--s 00191000 08:06 932412                     /home/rohan/.gradle/wrapper/dists/gradle-2.2.1-all/6dibv5rcnnqlfbq9klf8imrndn/gradle-2.2.1/lib/gradle-core-2.2.1.jar
7f0a4804e000-7f0a48051000 ---p 00000000 00:00 0 
7f0a48051000-7f0a4814f000 rw-p 00000000 00:00 0                          [stack:6093]
7f0a4814f000-7f0a48831000 r--p 00000000 08:06 270354                     /usr/lib/locale/locale-archive
7f0a48831000-7f0a48834000 ---p 00000000 00:00 0 
7f0a48834000-7f0a48932000 rw-p 00000000 00:00 0                          [stack:6092]
7f0a48932000-7f0a48935000 ---p 00000000 00:00 0 
7f0a48935000-7f0a48a33000 rw-p 00000000 00:00 0                          [stack:6091]
7f0a48a33000-7f0a48a34000 ---p 00000000 00:00 0 
7f0a48a34000-7f0a494e9000 rw-p 00000000 00:00 0                          [stack:6090]
7f0a494e9000-7f0a4969b000 r--s 01d23000 08:06 409594                     /usr/lib/jvm/java-7-openjdk-amd64/jre/lib/rt.jar
7f0a4969b000-7f0a49c13000 rw-p 00000000 00:00 0 
7f0a49c13000-7f0a49c14000 ---p 00000000 00:00 0 
7f0a49c14000-7f0a49d14000 rw-p 00000000 00:00 0                          [stack:6089]
7f0a49d14000-7f0a49d15000 ---p 00000000 00:00 0 
7f0a49d15000-7f0a49e29000 rw-p 00000000 00:00 0                          [stack:6088]
7f0a49e29000-7f0a49e68000 rw-p 00000000 00:00 0 
7f0a49e68000-7f0a49fbe000 rw-p 00000000 00:00 0 
7f0a49fbe000-7f0a4a113000 rw-p 00000000 00:00 0 
7f0a4a113000-7f0a4a127000 rw-p 00000000 00:00 0 
7f0a4a127000-7f0a4a166000 rw-p 00000000 00:00 0 
7f0a4a166000-7f0a4a2bc000 rw-p 00000000 00:00 0 
7f0a4a2bc000-7f0a4a410000 rw-p 00000000 00:00 0 
7f0a4a410000-7f0a4a53c000 rw-p 00000000 00:00 0 
7f0a4a53c000-7f0a4a566000 rw-p 00000000 00:00 0 
7f0a4a566000-7f0a4a567000 rw-p 00000000 00:00 0 
7f0a4a567000-7f0a4a56f000 r-xp 00000000 08:06 548711                     /usr/lib/jvm/java-7-openjdk-amd64/jre/lib/amd64/libzip.so
7f0a4a56f000-7f0a4a76e000 ---p 00008000 08:06 548711                     /usr/lib/jvm/java-7-openjdk-amd64/jre/lib/amd64/libzip.so
7f0a4a76e000-7f0a4a76f000 r--p 00007000 08:06 548711                     /usr/lib/jvm/java-7-openjdk-amd64/jre/lib/amd64/libzip.so
7f0a4a76f000-7f0a4a770000 rw-p 00008000 08:06 548711                     /usr/lib/jvm/java-7-openjdk-amd64/jre/lib/amd64/libzip.so
7f0a4a770000-7f0a4a77b000 r-xp 00000000 08:06 1708114                    /lib/x86_64-linux-gnu/libnss_files-2.19.so
7f0a4a77b000-7f0a4a97a000 ---p 0000b000 08:06 1708114                    /lib/x86_64-linux-gnu/libnss_files-2.19.so
7f0a4a97a000-7f0a4a97b000 r--p 0000a000 08:06 1708114                    /lib/x86_64-linux-gnu/libnss_files-2.19.so
7f0a4a97b000-7f0a4a97c000 rw-p 0000b000 08:06 1708114                    /lib/x86_64-linux-gnu/libnss_files-2.19.so
7f0a4a97c000-7f0a4a987000 r-xp 00000000 08:06 1704039                    /lib/x86_64-linux-gnu/libnss_nis-2.19.so
7f0a4a987000-7f0a4ab86000 ---p 0000b000 08:06 1704039                    /lib/x86_64-linux-gnu/libnss_nis-2.19.so
7f0a4ab86000-7f0a4ab87000 r--p 0000a000 08:06 1704039                    /lib/x86_64-linux-gnu/libnss_nis-2.19.so
7f0a4ab87000-7f0a4ab88000 rw-p 0000b000 08:06 1704039                    /lib/x86_64-linux-gnu/libnss_nis-2.19.so
7f0a4ab88000-7f0a4ab9f000 r-xp 00000000 08:06 1704033                    /lib/x86_64-linux-gnu/libnsl-2.19.so
7f0a4ab9f000-7f0a4ad9e000 ---p 00017000 08:06 1704033                    /lib/x86_64-linux-gnu/libnsl-2.19.so
7f0a4ad9e000-7f0a4ad9f000 r--p 00016000 08:06 1704033                    /lib/x86_64-linux-gnu/libnsl-2.19.so
7f0a4ad9f000-7f0a4ada0000 rw-p 00017000 08:06 1704033                    /lib/x86_64-linux-gnu/libnsl-2.19.so
7f0a4ada0000-7f0a4ada2000 rw-p 00000000 00:00 0 
7f0a4ada2000-7f0a4adab000 r-xp 00000000 08:06 1704030                    /lib/x86_64-linux-gnu/libnss_compat-2.19.so
7f0a4adab000-7f0a4afaa000 ---p 00009000 08:06 1704030                    /lib/x86_64-linux-gnu/libnss_compat-2.19.so
7f0a4afaa000-7f0a4afab000 r--p 00008000 08:06 1704030                    /lib/x86_64-linux-gnu/libnss_compat-2.19.so
7f0a4afab000-7f0a4afac000 rw-p 00009000 08:06 1704030                    /lib/x86_64-linux-gnu/libnss_compat-2.19.so
7f0a4afac000-7f0a4afd7000 r-xp 00000000 08:06 548698                     /usr/lib/jvm/java-7-openjdk-amd64/jre/lib/amd64/libjava.so
7f0a4afd7000-7f0a4b1d7000 ---p 0002b000 08:06 548698                     /usr/lib/jvm/java-7-openjdk-amd64/jre/lib/amd64/libjava.so
7f0a4b1d7000-7f0a4b1d8000 r--p 0002b000 08:06 548698                     /usr/lib/jvm/java-7-openjdk-amd64/jre/lib/amd64/libjava.so
7f0a4b1d8000-7f0a4b1da000 rw-p 0002c000 08:06 548698                     /usr/lib/jvm/java-7-openjdk-amd64/jre/lib/amd64/libjava.so
7f0a4b1da000-7f0a4b1ea000 r-xp 00000000 08:06 548697                     /usr/lib/jvm/java-7-openjdk-amd64/jre/lib/amd64/libverify.so
7f0a4b1ea000-7f0a4b3e9000 ---p 00010000 08:06 548697                     /usr/lib/jvm/java-7-openjdk-amd64/jre/lib/amd64/libverify.so
7f0a4b3e9000-7f0a4b3eb000 r--p 0000f000 08:06 548697                     /usr/lib/jvm/java-7-openjdk-amd64/jre/lib/amd64/libverify.so
7f0a4b3eb000-7f0a4b3ec000 rw-p 00011000 08:06 548697                     /usr/lib/jvm/java-7-openjdk-amd64/jre/lib/amd64/libverify.so
7f0a4b3ec000-7f0a4b3f3000 r-xp 00000000 08:06 1704025                    /lib/x86_64-linux-gnu/librt-2.19.so
7f0a4b3f3000-7f0a4b5f2000 ---p 00007000 08:06 1704025                    /lib/x86_64-linux-gnu/librt-2.19.so
7f0a4b5f2000-7f0a4b5f3000 r--p 00006000 08:06 1704025                    /lib/x86_64-linux-gnu/librt-2.19.so
7f0a4b5f3000-7f0a4b5f4000 rw-p 00007000 08:06 1704025                    /lib/x86_64-linux-gnu/librt-2.19.so
7f0a4b5f4000-7f0a4b60a000 r-xp 00000000 08:06 1703941                    /lib/x86_64-linux-gnu/libgcc_s.so.1
7f0a4b60a000-7f0a4b809000 ---p 00016000 08:06 1703941                    /lib/x86_64-linux-gnu/libgcc_s.so.1
7f0a4b809000-7f0a4b80a000 rw-p 00015000 08:06 1703941                    /lib/x86_64-linux-gnu/libgcc_s.so.1
7f0a4b80a000-7f0a4b90f000 r-xp 00000000 08:06 1704032                    /lib/x86_64-linux-gnu/libm-2.19.so
7f0a4b90f000-7f0a4bb0e000 ---p 00105000 08:06 1704032                    /lib/x86_64-linux-gnu/libm-2.19.so
7f0a4bb0e000-7f0a4bb0f000 r--p 00104000 08:06 1704032                    /lib/x86_64-linux-gnu/libm-2.19.so
7f0a4bb0f000-7f0a4bb10000 rw-p 00105000 08:06 1704032                    /lib/x86_64-linux-gnu/libm-2.19.so
7f0a4bb10000-7f0a4bbf6000 r-xp 00000000 08:06 273301                     /usr/lib/x86_64-linux-gnu/libstdc++.so.6.0.19
7f0a4bbf6000-7f0a4bdf5000 ---p 000e6000 08:06 273301                     /usr/lib/x86_64-linux-gnu/libstdc++.so.6.0.19
7f0a4bdf5000-7f0a4bdfd000 r--p 000e5000 08:06 273301                     /usr/lib/x86_64-linux-gnu/libstdc++.so.6.0.19
7f0a4bdfd000-7f0a4bdff000 rw-p 000ed000 08:06 273301                     /usr/lib/x86_64-linux-gnu/libstdc++.so.6.0.19
7f0a4bdff000-7f0a4be14000 rw-p 00000000 00:00 0 
7f0a4be14000-7f0a4c92c000 r-xp 00000000 08:06 676629                     /usr/lib/jvm/java-7-openjdk-amd64/jre/lib/amd64/server/libjvm.so
7f0a4c92c000-7f0a4cb2c000 ---p 00b18000 08:06 676629                     /usr/lib/jvm/java-7-openjdk-amd64/jre/lib/amd64/server/libjvm.so
7f0a4cb2c000-7f0a4cbc6000 r--p 00b18000 08:06 676629                     /usr/lib/jvm/java-7-openjdk-amd64/jre/lib/amd64/server/libjvm.so
7f0a4cbc6000-7f0a4cbe9000 rw-p 00bb2000 08:06 676629                     /usr/lib/jvm/java-7-openjdk-amd64/jre/lib/amd64/server/libjvm.so
7f0a4cbe9000-7f0a4cc17000 rw-p 00000000 00:00 0 
7f0a4cc17000-7f0a4cc2f000 r-xp 00000000 08:06 1708398                    /lib/x86_64-linux-gnu/libz.so.1.2.8
7f0a4cc2f000-7f0a4ce2e000 ---p 00018000 08:06 1708398                    /lib/x86_64-linux-gnu/libz.so.1.2.8
7f0a4ce2e000-7f0a4ce2f000 r--p 00017000 08:06 1708398                    /lib/x86_64-linux-gnu/libz.so.1.2.8
7f0a4ce2f000-7f0a4ce30000 rw-p 00018000 08:06 1708398                    /lib/x86_64-linux-gnu/libz.so.1.2.8
7f0a4ce30000-7f0a4ce49000 r-xp 00000000 08:06 1708113                    /lib/x86_64-linux-gnu/libpthread-2.19.so
7f0a4ce49000-7f0a4d048000 ---p 00019000 08:06 1708113                    /lib/x86_64-linux-gnu/libpthread-2.19.so
7f0a4d048000-7f0a4d049000 r--p 00018000 08:06 1708113                    /lib/x86_64-linux-gnu/libpthread-2.19.so
7f0a4d049000-7f0a4d04a000 rw-p 00019000 08:06 1708113                    /lib/x86_64-linux-gnu/libpthread-2.19.so
7f0a4d04a000-7f0a4d04e000 rw-p 00000000 00:00 0 
7f0a4d04e000-7f0a4d051000 r-xp 00000000 08:06 1704028                    /lib/x86_64-linux-gnu/libdl-2.19.so
7f0a4d051000-7f0a4d250000 ---p 00003000 08:06 1704028                    /lib/x86_64-linux-gnu/libdl-2.19.so
7f0a4d250000-7f0a4d251000 r--p 00002000 08:06 1704028                    /lib/x86_64-linux-gnu/libdl-2.19.so
7f0a4d251000-7f0a4d252000 rw-p 00003000 08:06 1704028                    /lib/x86_64-linux-gnu/libdl-2.19.so
7f0a4d252000-7f0a4d40d000 r-xp 00000000 08:06 1703966                    /lib/x86_64-linux-gnu/libc-2.19.so
7f0a4d40d000-7f0a4d60d000 ---p 001bb000 08:06 1703966                    /lib/x86_64-linux-gnu/libc-2.19.so
7f0a4d60d000-7f0a4d611000 r--p 001bb000 08:06 1703966                    /lib/x86_64-linux-gnu/libc-2.19.so
7f0a4d611000-7f0a4d613000 rw-p 001bf000 08:06 1703966                    /lib/x86_64-linux-gnu/libc-2.19.so
7f0a4d613000-7f0a4d618000 rw-p 00000000 00:00 0 
7f0a4d618000-7f0a4d625000 r-xp 00000000 08:06 666048                     /usr/lib/jvm/java-7-openjdk-amd64/jre/lib/amd64/jli/libjli.so
7f0a4d625000-7f0a4d824000 ---p 0000d000 08:06 666048                     /usr/lib/jvm/java-7-openjdk-amd64/jre/lib/amd64/jli/libjli.so
7f0a4d824000-7f0a4d825000 r--p 0000c000 08:06 666048                     /usr/lib/jvm/java-7-openjdk-amd64/jre/lib/amd64/jli/libjli.so
7f0a4d825000-7f0a4d826000 rw-p 0000d000 08:06 666048                     /usr/lib/jvm/java-7-openjdk-amd64/jre/lib/amd64/jli/libjli.so
7f0a4d826000-7f0a4d849000 r-xp 00000000 08:06 1703962                    /lib/x86_64-linux-gnu/ld-2.19.so
7f0a4d849000-7f0a4d84a000 r--s 00000000 08:06 932429                     /home/rohan/.gradle/wrapper/dists/gradle-2.2.1-all/6dibv5rcnnqlfbq9klf8imrndn/gradle-2.2.1/lib/jcip-annotations-1.0.jar
7f0a4d84a000-7f0a4d84d000 r--s 00018000 08:06 932425                     /home/rohan/.gradle/wrapper/dists/gradle-2.2.1-all/6dibv5rcnnqlfbq9klf8imrndn/gradle-2.2.1/lib/commons-io-1.4.jar
7f0a4d84d000-7f0a4d852000 r--s 00036000 08:06 932422                     /home/rohan/.gradle/wrapper/dists/gradle-2.2.1-all/6dibv5rcnnqlfbq9klf8imrndn/gradle-2.2.1/lib/asm-all-5.0.3.jar
7f0a4d852000-7f0a4d854000 r--s 00006000 08:06 932417                     /home/rohan/.gradle/wrapper/dists/gradle-2.2.1-all/6dibv5rcnnqlfbq9klf8imrndn/gradle-2.2.1/lib/slf4j-api-1.7.7.jar
7f0a4d854000-7f0a4d855000 r--s 00004000 08:06 932445                     /home/rohan/.gradle/wrapper/dists/gradle-2.2.1-all/6dibv5rcnnqlfbq9klf8imrndn/gradle-2.2.1/lib/ant-launcher-1.9.3.jar
7f0a4d855000-7f0a4d85b000 r--s 00026000 08:06 932411                     /home/rohan/.gradle/wrapper/dists/gradle-2.2.1-all/6dibv5rcnnqlfbq9klf8imrndn/gradle-2.2.1/lib/gradle-base-services-2.2.1.jar
7f0a4d85b000-7f0a4d863000 r--s 0003c000 08:06 932409                     /home/rohan/.gradle/wrapper/dists/gradle-2.2.1-all/6dibv5rcnnqlfbq9klf8imrndn/gradle-2.2.1/lib/gradle-launcher-2.2.1.jar
7f0a4d863000-7f0a4d867000 r--s 0003c000 08:06 548665                     /usr/lib/jvm/java-7-openjdk-amd64/jre/lib/ext/sunpkcs11.jar
7f0a4d867000-7f0a4d875000 rw-p 00000000 00:00 0 
7f0a4d875000-7f0a4d927000 rw-p 00000000 00:00 0 
7f0a4d927000-7f0a4d92a000 ---p 00000000 00:00 0 
7f0a4d92a000-7f0a4da2d000 rw-p 00000000 00:00 0                          [stack:6086]
7f0a4da2d000-7f0a4da2e000 r--s 00002000 08:06 548668                     /usr/lib/jvm/java-7-openjdk-amd64/jre/lib/ext/dnsns.jar
7f0a4da2e000-7f0a4da30000 r--s 00006000 08:06 548760                     /usr/share/java/java-atk-wrapper.jar
7f0a4da30000-7f0a4da33000 r--s 0000f000 08:06 548664                     /usr/lib/jvm/java-7-openjdk-amd64/jre/lib/ext/icedtea-sound.jar
7f0a4da33000-7f0a4da37000 r--s 00034000 08:06 548666                     /usr/lib/jvm/java-7-openjdk-amd64/jre/lib/ext/sunjce_provider.jar
7f0a4da37000-7f0a4da3a000 r--s 00086000 08:06 548669                     /usr/lib/jvm/java-7-openjdk-amd64/jre/lib/ext/localedata.jar
7f0a4da3a000-7f0a4da3c000 r--s 00012000 08:06 548667                     /usr/lib/jvm/java-7-openjdk-amd64/jre/lib/ext/zipfs.jar
7f0a4da3c000-7f0a4da44000 rw-s 00000000 08:06 1584641                    /tmp/hsperfdata_rohan/6084
7f0a4da44000-7f0a4da45000 rw-p 00000000 00:00 0 
7f0a4da45000-7f0a4da46000 ---p 00000000 00:00 0 
7f0a4da46000-7f0a4da48000 rw-p 00000000 00:00 0 
7f0a4da48000-7f0a4da49000 r--p 00022000 08:06 1703962                    /lib/x86_64-linux-gnu/ld-2.19.so
7f0a4da49000-7f0a4da4a000 rw-p 00023000 08:06 1703962                    /lib/x86_64-linux-gnu/ld-2.19.so
7f0a4da4a000-7f0a4da4b000 rw-p 00000000 00:00 0 
7fff5d8c2000-7fff5d8e4000 rw-p 00000000 00:00 0                          [stack]
7fff5d91a000-7fff5d91c000 r-xp 00000000 00:00 0                          [vdso]
ffffffffff600000-ffffffffff601000 r-xp 00000000 00:00 0                  [vsyscall]

VM Arguments:
jvm_args: -Xms1024m -Xmx2048m -Dfile.encoding=UTF-8 -Duser.country=US -Duser.language=en -Duser.variant 
java_command: org.gradle.launcher.daemon.bootstrap.GradleDaemon 2.2.1 /home/rohan/.gradle/daemon 120000 894b2b5c-1cb0-431a-b680-4d319a075f7c -Xms1024m -Xmx2048m -Dfile.encoding=UTF-8 -Duser.country=US -Duser.language=en -Duser.variant
Launcher Type: SUN_STANDARD

Environment Variables:
PATH=/usr/local/sbin:/usr/local/bin:/usr/sbin:/usr/bin:/sbin:/bin:/usr/games:/usr/local/games
SHELL=/bin/bash
DISPLAY=:0

Signal Handlers:
SIGSEGV: [libjvm.so+0x94b4b0], sa_mask[0]=0x7ffbfeff, sa_flags=0x10000004
SIGBUS: [libjvm.so+0x94b4b0], sa_mask[0]=0x7ffbfeff, sa_flags=0x10000004
SIGFPE: [libjvm.so+0x7c3390], sa_mask[0]=0x7ffbfeff, sa_flags=0x10000004
SIGPIPE: [libjvm.so+0x7c3390], sa_mask[0]=0x7ffbfeff, sa_flags=0x10000004
SIGXFSZ: [libjvm.so+0x7c3390], sa_mask[0]=0x7ffbfeff, sa_flags=0x10000004
SIGILL: [libjvm.so+0x7c3390], sa_mask[0]=0x7ffbfeff, sa_flags=0x10000004
SIGUSR1: SIG_DFL, sa_mask[0]=0x00000000, sa_flags=0x00000000
SIGUSR2: [libjvm.so+0x7c3230], sa_mask[0]=0x00000004, sa_flags=0x10000004
SIGHUP: [libjvm.so+0x7c3410], sa_mask[0]=0x7ffbfeff, sa_flags=0x10000004
SIGINT: [libjvm.so+0x7c3410], sa_mask[0]=0x7ffbfeff, sa_flags=0x10000004
SIGTERM: [libjvm.so+0x7c3410], sa_mask[0]=0x7ffbfeff, sa_flags=0x10000004
SIGQUIT: [libjvm.so+0x7c3410], sa_mask[0]=0x7ffbfeff, sa_flags=0x10000004
SIGTRAP: SIG_DFL, sa_mask[0]=0x00000000, sa_flags=0x00000000


---------------  S Y S T E M  ---------------

OS:Ubuntu 14.04 (trusty)
uname:Linux 3.13.0-45-generic #74-Ubuntu SMP Tue Jan 13 19:36:28 UTC 2015 x86_64
libc:glibc 2.19 NPTL 2.19 
rlimit: STACK 8192k, CORE 0k, NPROC 23612, NOFILE 4096, AS infinity
load average:3.35 1.56 1.14

/proc/meminfo:
MemTotal:        3044020 kB
MemFree:           78760 kB
Buffers:             700 kB
Cached:           319680 kB
SwapCached:            0 kB
Active:          2533544 kB
Inactive:         303872 kB
Active(anon):    2518412 kB
Inactive(anon):   283492 kB
Active(file):      15132 kB
Inactive(file):    20380 kB
Unevictable:          32 kB
Mlocked:              32 kB
SwapTotal:             0 kB
SwapFree:              0 kB
Dirty:               356 kB
Writeback:             0 kB
AnonPages:       2517156 kB
Mapped:            54844 kB
Shmem:            284780 kB
Slab:              51408 kB
SReclaimable:      24416 kB
SUnreclaim:        26992 kB
KernelStack:        3904 kB
PageTables:        34292 kB
NFS_Unstable:          0 kB
Bounce:                0 kB
WritebackTmp:          0 kB
CommitLimit:     1522008 kB
Committed_AS:    7281128 kB
VmallocTotal:   34359738367 kB
VmallocUsed:      346012 kB
VmallocChunk:   34359385564 kB
HardwareCorrupted:     0 kB
AnonHugePages:    563200 kB
HugePages_Total:       0
HugePages_Free:        0
HugePages_Rsvd:        0
HugePages_Surp:        0
Hugepagesize:       2048 kB
DirectMap4k:       49916 kB
DirectMap2M:     3057664 kB


CPU:total 2 (2 cores per cpu, 1 threads per core) family 6 model 23 stepping 10, cmov, cx8, fxsr, mmx, sse, sse2, sse3, ssse3, sse4.1, tsc

/proc/cpuinfo:
processor	: 0
vendor_id	: GenuineIntel
cpu family	: 6
model		: 23
model name	: Intel(R) Core(TM)2 Duo CPU     T6400  @ 2.00GHz
stepping	: 10
microcode	: 0xa07
cpu MHz		: 2000.000
cache size	: 2048 KB
physical id	: 0
siblings	: 2
core id		: 0
cpu cores	: 2
apicid		: 0
initial apicid	: 0
fpu		: yes
fpu_exception	: yes
cpuid level	: 13
wp		: yes
flags		: fpu vme de pse tsc msr pae mce cx8 apic sep mtrr pge mca cmov pat pse36 clflush dts acpi mmx fxsr sse sse2 ss ht tm pbe syscall nx lm constant_tsc arch_perfmon pebs bts rep_good nopl aperfmperf pni dtes64 monitor ds_cpl est tm2 ssse3 cx16 xtpr pdcm sse4_1 xsave lahf_lm dtherm
bogomips	: 3989.87
clflush size	: 64
cache_alignment	: 64
address sizes	: 36 bits physical, 48 bits virtual
power management:

processor	: 1
vendor_id	: GenuineIntel
cpu family	: 6
model		: 23
model name	: Intel(R) Core(TM)2 Duo CPU     T6400  @ 2.00GHz
stepping	: 10
microcode	: 0xa07
cpu MHz		: 2000.000
cache size	: 2048 KB
physical id	: 0
siblings	: 2
core id		: 1
cpu cores	: 2
apicid		: 1
initial apicid	: 1
fpu		: yes
fpu_exception	: yes
cpuid level	: 13
wp		: yes
flags		: fpu vme de pse tsc msr pae mce cx8 apic sep mtrr pge mca cmov pat pse36 clflush dts acpi mmx fxsr sse sse2 ss ht tm pbe syscall nx lm constant_tsc arch_perfmon pebs bts rep_good nopl aperfmperf pni dtes64 monitor ds_cpl est tm2 ssse3 cx16 xtpr pdcm sse4_1 xsave lahf_lm dtherm
bogomips	: 3989.87
clflush size	: 64
cache_alignment	: 64
address sizes	: 36 bits physical, 48 bits virtual
power management:



Memory: 4k page, physical 3044020k(78760k free), swap 0k(0k free)

vm_info: OpenJDK 64-Bit Server VM (24.75-b04) for linux-amd64 JRE (1.7.0_75-b13), built on Jan 27 2015 00:38:59 by "buildd" with gcc 4.8.2

time: Mon Jun  8 20:46:43 2015
elapsed time: 54 seconds

